"../../../Engine/Content/ArtTools/RenderToTexture/Enums/RenderToTexture_Enum.uasset" 0
"../../../Engine/Content/ArtTools/RenderToTexture/Enums/RenderToTexture_Flipbook_Enum.uasset" 1
"../../../Engine/Content/ArtTools/RenderToTexture/Enums/RenderToTexture_Imposter_Enum.uasset" 2
"../../../Engine/Content/ArtTools/RenderToTexture/Enums/EIntTypes.uasset" 3
"../../../Engine/Content/EditorBlueprintResources/StandardMacros.uasset" 4
"../../../Engine/Content/ArtTools/RenderToTexture/Macros/RenderToTextureFunctionLibrary.uasset" 5
"../../../Engine/Content/ArtTools/RenderToTexture/Enums/EFloatTypes.uasset" 6
"../../../Engine/Content/ArtTools/RenderToTexture/Macros/RenderToTextureMacros.uasset" 7
"../../../Engine/Content/EngineMaterials/T_Default_Material_Grid_N.uasset" 8
"../../../Engine/Content/EngineMaterials/T_Default_Material_Grid_M.uasset" 9
"../../../Engine/Content/Functions/Engine_MaterialFunctions01/Opacity/CameraDepthFade.uasset" 10
"../../../Engine/Content/EngineMaterials/WorldGridMaterial.uasset" 11
"../../../Engine/Content/ArtTools/RenderToTexture/Meshes/S_1_Unit_Plane.uasset" 12
"../../../Engine/Content/EngineMaterials/DefaultMaterial.uasset" 13
"../../../Engine/Content/BasicShapes/Cone.uasset" 14
"../../../Engine/Content/BasicShapes/Plane.uasset" 15
"../../../Engine/Content/EngineMaterials/DefaultPhysicalMaterial.uasset" 16
"../../../Engine/Content/BufferVisualization/AmbientOcclusion.uasset" 17
"../../../Engine/Content/Functions/Engine_MaterialFunctions02/Utility/AppendMany.uasset" 18
"../../../Engine/Content/BufferVisualization/Anisotropy.uasset" 19
"../../../Engine/Content/BufferVisualization/BaseColor.uasset" 20
"../../../Engine/Content/BufferVisualization/CustomDepth.uasset" 21
"../../../Engine/Content/Functions/Engine_MaterialFunctions02/Utility/VectorLength.uasset" 22
"../../../Engine/Content/BufferVisualization/CustomDepthWorldUnits.uasset" 23
"../../../Engine/Content/EngineMaterials/MiniFont.uasset" 24
"../../../Engine/Content/Functions/Engine_MaterialFunctions02/Utility/MakeFloat3.uasset" 25
"../../../Engine/Content/Functions/Engine_MaterialFunctions02/Utility/MakeFloat2.uasset" 26
"../../../Engine/Content/Functions/Engine_MaterialFunctions02/ScreenResolution.uasset" 27
"../../../Engine/Content/Functions/Engine_MaterialFunctions02/Utility/BreakOutFloat2Components.uasset" 28
"../../../Engine/Content/Functions/Engine_MaterialFunctions01/Texturing/ScaleUVsByCenter.uasset" 29
"../../../Engine/Content/Functions/Engine_MaterialFunctions02/Texturing/ScreenAlignedUVs.uasset" 30
"../../../Engine/Content/BufferVisualization/CustomStencil.uasset" 31
"../../../Engine/Content/BufferVisualization/FinalImage.uasset" 32
"../../../Engine/Content/BufferVisualization/LightingModel.uasset" 33
"../../../Engine/Content/BufferVisualization/MaterialAO.uasset" 34
"../../../Engine/Content/BufferVisualization/Metallic.uasset" 35
"../../../Engine/Content/BufferVisualization/Opacity.uasset" 36
"../../../Engine/Content/BufferVisualization/PostTonemapHDRColor.uasset" 37
"../../../Engine/Content/BufferVisualization/PreTonemapHDRColor.uasset" 38
"../../../Engine/Content/BufferVisualization/Roughness.uasset" 39
"../../../Engine/Content/BufferVisualization/SceneColor.uasset" 40
"../../../Engine/Content/BufferVisualization/SceneDepth.uasset" 41
"../../../Engine/Content/BufferVisualization/SceneDepthWorldUnits.uasset" 42
"../../../Engine/Content/BufferVisualization/SeparateTranslucencyA.uasset" 43
"../../../Engine/Content/BufferVisualization/SeparateTranslucencyRGB.uasset" 44
"../../../Engine/Content/BufferVisualization/Specular.uasset" 45
"../../../Engine/Content/BufferVisualization/SubsurfaceColor.uasset" 46
"../../../Engine/Content/BufferVisualization/Velocity.uasset" 47
"../../../Engine/Content/BufferVisualization/WorldNormal.uasset" 48
"../../../Engine/Content/BufferVisualization/WorldTangent.uasset" 49
"../../../Engine/Content/EditorBlueprintResources/ActorMacros.uasset" 50
"../../../Engine/Content/EditorLandscapeResources/DataLayer.uasset" 51
"../../../Engine/Content/EditorLandscapeResources/DefaultAlphaTexture.uasset" 52
"../../../Engine/Content/EditorLandscapeResources/LandscapeGizmoHeight_Mat.uasset" 53
"../../../Engine/Content/EditorLandscapeResources/LandscapeGizmo_Mat.uasset" 54
"../../../Engine/Content/EditorLandscapeResources/LandscapeGizmo_Mat_Copied.uasset" 55
"../../../Engine/Content/EditorLandscapeResources/SplineEditorMeshMat.uasset" 56
"../../../Engine/Content/EditorLandscapeResources/SplineEditorMesh.uasset" 57
"../../../Engine/Content/EditorMaterials/Cross.uasset" 58
"../../../Engine/Content/EditorMaterials/Cross_Mat.uasset" 59
"../../../Engine/Content/EditorResources/T_EditorHelp.uasset" 60
"../../../Engine/Content/Functions/Engine_MaterialFunctions02/Utility/Sign.uasset" 61
"../../../Engine/Content/Functions/Engine_MaterialFunctions02/Utility/Round.uasset" 62
"../../../Engine/Content/EngineMaterials/DefaultDiffuse.uasset" 63
"../../../Engine/Content/Functions/Engine_MaterialFunctions01/Texturing/TextureCropping.uasset" 64
"../../../Engine/Content/Functions/Engine_MaterialFunctions02/ExampleContent/Textures/DebugNumberPeriod.uasset" 65
"../../../Engine/Content/Functions/Engine_MaterialFunctions02/ExampleContent/DebugNumberStrip.uasset" 66
"../../../Engine/Content/Functions/Engine_MaterialFunctions01/Texturing/ComputeMipLevel.uasset" 67
"../../../Engine/Content/Functions/Engine_MaterialFunctions02/Utility/DebugScalarValues.uasset" 68
"../../../Engine/Content/Functions/Engine_MaterialFunctions02/Utility/DebugFloat2Values.uasset" 69
"../../../Engine/Content/Functions/Engine_MaterialFunctions02/ExampleContent/Textures/flipbook.uasset" 70
"../../../Engine/Content/Functions/Engine_MaterialFunctions02/Texturing/FlipBook.uasset" 71
"../../../Engine/Content/EditorMaterials/HelpActorMaterial.uasset" 72
"../../../Engine/Content/Functions/Engine_MaterialFunctions03/Procedurals/ComputeFilterWidth.uasset" 73
"../../../Engine/Content/EditorMaterials/TilingAALineIntegral.uasset" 74
"../../../Engine/Content/EditorMaterials/TilingAALineBoxFiltered.uasset" 75
"../../../Engine/Content/EditorMaterials/TilingAADots.uasset" 76
"../../../Engine/Content/EditorMaterials/CompositeARGBLayer.uasset" 77
"../../../Engine/Content/EngineMaterials/BlendFunc_DefBlend.uasset" 78
"../../../Engine/Content/EngineMaterials/BlendFunc_DefBase.uasset" 79
"../../../Engine/Content/Functions/Engine_MaterialFunctions03/Blends/Blend_Screen.uasset" 80
"../../../Engine/Content/EditorMaterials/TilingAAGrid.uasset" 81
"../../../Engine/Content/EditorMaterials/LevelGridMaterial.uasset" 82
"../../../Engine/Content/EditorResources/LevelGrid1DStripes.uasset" 83
"../../../Engine/Content/EditorMaterials/TextureGridCascaded1D.uasset" 84
"../../../Engine/Content/EditorMaterials/TextureGridCascaded2D.uasset" 85
"../../../Engine/Content/EditorMaterials/MakeCompositeARGBLayer.uasset" 86
"../../../Engine/Content/EditorMaterials/LevelGridMaterial2.uasset" 87
"../../../Engine/Content/EditorMaterials/MAT_Groups_Toggle.uasset" 88
"../../../Engine/Content/EditorMaterials/MAT_Groups_Visibility.uasset" 89
"../../../Engine/Content/EditorMaterials/AntialiasedGridFloor.uasset" 90
"../../../Engine/Content/EngineMaterials/Grid.uasset" 91
"../../../Engine/Content/EditorResources/TilePatine_N.uasset" 92
"../../../Engine/Content/EditorResources/TilePatine_D.uasset" 93
"../../../Engine/Content/EditorMaterials/PersonaFloorMat.uasset" 94
"../../../Engine/Content/EditorMaterials/PhAT_BoneSelectedMaterial.uasset" 95
"../../../Engine/Content/EditorMaterials/PhAT_ElemSelectedMaterial.uasset" 96
"../../../Engine/Content/EditorMaterials/PhAT_NoCollisionMaterial.uasset" 97
"../../../Engine/Content/EditorMaterials/PhAT_UnselectedMaterial.uasset" 98
"../../../Engine/Content/EditorMaterials/PreviewShadowIndicator.uasset" 99
"../../../Engine/Content/EditorMaterials/PreviewShadowIndicatorMaterial.uasset" 100
"../../../Engine/Content/EditorMaterials/TargetIcon.uasset" 101
"../../../Engine/Content/EditorMaterials/Tick.uasset" 102
"../../../Engine/Content/EditorMaterials/Tick_Mat.uasset" 103
"../../../Engine/Content/EditorMaterials/WidgetGridVertexColorMaterial.uasset" 104
"../../../Engine/Content/EditorMaterials/WidgetGridVertexColorMaterial_Ma.uasset" 105
"../../../Engine/Content/EditorMaterials/WidgetMaterial.uasset" 106
"../../../Engine/Content/EditorMaterials/WidgetMaterial_Current.uasset" 107
"../../../Engine/Content/EditorMaterials/WidgetMaterial_X.uasset" 108
"../../../Engine/Content/EditorMaterials/WidgetMaterial_Y.uasset" 109
"../../../Engine/Content/EditorMaterials/WidgetMaterial_Z.uasset" 110
"../../../Engine/Content/EditorMaterials/WidgetVertexColorMaterial.uasset" 111
"../../../Engine/Content/EditorMaterials/AssetViewer/EpicQuadPanorama_CC+EV1.uasset" 112
"../../../Engine/Content/MapTemplates/Sky/SunsetAmbientCubemap.uasset" 113
"../../../Engine/Content/EditorMaterials/AssetViewer/M_SkyBox.uasset" 114
"../../../Engine/Content/EditorMaterials/MatineeGroups/MAT_ColorTrack.uasset" 115
"../../../Engine/Content/EditorMaterials/MatineeGroups/MAT_Groups_Anim.uasset" 116
"../../../Engine/Content/EditorMaterials/MatineeGroups/MAT_Groups_AudioMaster.uasset" 117
"../../../Engine/Content/EditorMaterials/MatineeGroups/MAT_Groups_Director.uasset" 118
"../../../Engine/Content/EditorMaterials/MatineeGroups/MAT_Groups_Event.uasset" 119
"../../../Engine/Content/EditorMaterials/MatineeGroups/MAT_Groups_Fade.uasset" 120
"../../../Engine/Content/EditorMaterials/MatineeGroups/MAT_Groups_Float.uasset" 121
"../../../Engine/Content/EditorMaterials/MatineeGroups/MAT_Groups_Move.uasset" 122
"../../../Engine/Content/EditorMaterials/MatineeGroups/MAT_Groups_Slomo.uasset" 123
"../../../Engine/Content/EditorMaterials/MatineeGroups/MAT_Groups_Sound.uasset" 124
"../../../Engine/Content/EditorMaterials/MatineeGroups/MAT_Groups_Vector.uasset" 125
"../../../Engine/Content/EditorMaterials/ParticleSystems/PSysThumbnail_NoImage.uasset" 126
"../../../Engine/Content/EditorMaterials/ParticleSystems/PSysThumbnail_OOD.uasset" 127
"../../../Engine/Content/EditorMaterials/Thumbnails/FloorPlaneMaterial.uasset" 128
"../../../Engine/Content/EditorMeshes/EditorCube.uasset" 129
"../../../Engine/Content/EditorMeshes/EditorCylinder.uasset" 130
"../../../Engine/Content/EditorMeshes/EditorPlane.uasset" 131
"../../../Engine/Content/EditorMaterials/Thumbnails/SkySphereMaterial.uasset" 132
"../../../Engine/Content/EditorMeshes/EditorSkySphere.uasset" 133
"../../../Engine/Content/EditorMeshes/EditorSphere.uasset" 134
"../../../Engine/Content/EditorResources/MatineeCam_D.uasset" 135
"../../../Engine/Content/EditorMaterials/MatineeCam_mat.uasset" 136
"../../../Engine/Content/EditorMeshes/MatineeCam_SM.uasset" 137
"../../../Engine/Content/Functions/Engine_MaterialFunctions01/Shading/ConvertFromDiffSpec.uasset" 138
"../../../Engine/Content/EditorMaterials/GridMaterial.uasset" 139
"../../../Engine/Content/EditorMeshes/PhAT_FloorBox.uasset" 140
"../../../Engine/Content/EditorMeshes/PlanarReflectionPlane.uasset" 141
"../../../Engine/Content/EditorMeshes/AssetViewer/Floor_Mesh.uasset" 142
"../../../Engine/Content/EditorMeshes/AssetViewer/Sphere_inversenormals.uasset" 143
"../../../Engine/Content/EngineDebugMaterials/M_SimpleOpaque.uasset" 144
"../../../Engine/Content/EditorMaterials/Camera/MI_CineMat_CamViewFinder.uasset" 145
"../../../Engine/Content/EditorMaterials/Camera/CineMat.uasset" 146
"../../../Engine/Content/EditorMaterials/Camera/MI_CineMat_CameraBody.uasset" 147
"../../../Engine/Content/EditorMeshes/Camera/SM_CineCam.uasset" 148
"../../../Engine/Content/EditorMaterials/Camera/MI_CineMat_Rig.uasset" 149
"../../../Engine/Content/EditorMeshes/Camera/SM_CraneRig_Arm.uasset" 150
"../../../Engine/Content/EditorMeshes/Camera/SM_CraneRig_Base.uasset" 151
"../../../Engine/Content/EditorMeshes/Camera/SM_CraneRig_Body.uasset" 152
"../../../Engine/Content/EditorMeshes/Camera/SM_CraneRig_Mount.uasset" 153
"../../../Engine/Content/EditorMeshes/Camera/SM_RailRig_Mount.uasset" 154
"../../../Engine/Content/EditorMeshes/Camera/SM_RailRig_Track.uasset" 155
"../../../Engine/Content/EditorMeshes/ColorCalibrator/M_ChromeBall.uasset" 156
"../../../Engine/Content/EditorResources/Bad.uasset" 157
"../../../Engine/Content/EditorResources/BSPVertex.uasset" 158
"../../../Engine/Content/EditorResources/EmptyActor.uasset" 159
"../../../Engine/Content/EditorResources/MatInstActSprite.uasset" 160
"../../../Engine/Content/EditorResources/SceneManager.uasset" 161
"../../../Engine/Content/EditorResources/SmallFont.uasset" 162
"../../../Engine/Content/EditorResources/S_Actor.uasset" 163
"../../../Engine/Content/EditorResources/S_CameraShakeSource.uasset" 164
"../../../Engine/Content/EditorResources/S_DecalActorIcon.uasset" 165
"../../../Engine/Content/EditorResources/S_Emitter.uasset" 166
"../../../Engine/Content/EditorResources/S_ExpoHeightFog.uasset" 167
"../../../Engine/Content/EditorResources/S_FTest.uasset" 168
"../../../Engine/Content/EditorResources/S_KBSJoint.uasset" 169
"../../../Engine/Content/EditorResources/S_KHinge.uasset" 170
"../../../Engine/Content/EditorResources/S_KPrismatic.uasset" 171
"../../../Engine/Content/EditorResources/S_LevelSequence.uasset" 172
"../../../Engine/Content/EditorResources/S_NavP.uasset" 173
"../../../Engine/Content/EditorResources/S_Note.uasset" 174
"../../../Engine/Content/EditorResources/S_Player.uasset" 175
"../../../Engine/Content/EditorResources/S_PortalActorIcon2.uasset" 176
"../../../Engine/Content/EditorResources/S_RadForce.uasset" 177
"../../../Engine/Content/EditorResources/S_ReflActorIcon.uasset" 178
"../../../Engine/Content/EditorResources/S_SkyAtmosphere.uasset" 179
"../../../Engine/Content/EditorResources/S_Solver.uasset" 180
"../../../Engine/Content/EditorResources/S_Terrain.uasset" 181
"../../../Engine/Content/EditorResources/S_TextRenderActorIcon.uasset" 182
"../../../Engine/Content/EditorResources/S_Thruster.uasset" 183
"../../../Engine/Content/EditorResources/S_Trigger.uasset" 184
"../../../Engine/Content/EditorResources/S_VectorFieldVol.uasset" 185
"../../../Engine/Content/EditorResources/S_VolumetricCloud.uasset" 186
"../../../Engine/Content/EditorResources/S_WindDirectional.uasset" 187
"../../../Engine/Content/EditorResources/AI/S_NavLink.uasset" 188
"../../../Engine/Content/EditorResources/LightIcons/SkyLight.uasset" 189
"../../../Engine/Content/EditorResources/LightIcons/S_LightDirectional.uasset" 190
"../../../Engine/Content/EditorResources/LightIcons/S_LightDirectionalMove.uasset" 191
"../../../Engine/Content/EditorResources/LightIcons/S_LightError.uasset" 192
"../../../Engine/Content/EditorResources/LightIcons/S_LightPoint.uasset" 193
"../../../Engine/Content/EditorResources/LightIcons/S_LightPointMove.uasset" 194
"../../../Engine/Content/EditorResources/LightIcons/S_LightSpot.uasset" 195
"../../../Engine/Content/EditorResources/LightIcons/S_LightSpotMove.uasset" 196
"../../../Engine/Content/EditorResources/SequenceRecorder/Countdown.uasset" 197
"../../../Engine/Content/EditorResources/SequenceRecorder/RecordingIndicator.uasset" 198
"../../../Engine/Content/EditorResources/Spline/T_Loft_Spline.uasset" 199
"../../../Engine/Content/EditorSounds/Notifications/CompileFailed.uasset" 200
"../../../Engine/Content/EditorSounds/Notifications/CompileFailed_Cue.uasset" 201
"../../../Engine/Content/EditorSounds/Notifications/CompileSuccess.uasset" 202
"../../../Engine/Content/EditorSounds/Notifications/CompileStart_Cue.uasset" 203
"../../../Engine/Content/EngineDamageTypes/DmgTypeBP_Environmental.uasset" 204
"../../../Engine/Content/EngineDebugMaterials/HeatmapGradient.uasset" 205
"../../../Engine/Content/EngineDebugMaterials/BoneWeightMaterial.uasset" 206
"../../../Engine/Content/EngineDebugMaterials/ClothMaterial.uasset" 207
"../../../Engine/Content/EngineDebugMaterials/ClothMaterial_WF.uasset" 208
"../../../Engine/Content/EngineDebugMaterials/DebugEditorMaterial.uasset" 209
"../../../Engine/Content/EngineDebugMaterials/DebugMeshMaterial.uasset" 210
"../../../Engine/Content/EngineDebugMaterials/GeomMaterial.uasset" 211
"../../../Engine/Content/EngineDebugMaterials/LevelColorationLitMaterial.uasset" 212
"../../../Engine/Content/EngineDebugMaterials/LevelColorationUnlitMaterial.uasset" 213
"../../../Engine/Content/EngineMaterials/DefaultWhiteGrid.uasset" 214
"../../../Engine/Content/EngineDebugMaterials/MAT_LevelColorationLitLightmapUV.uasset" 215
"../../../Engine/Content/EngineDebugMaterials/M_SimpleUnlitTranslucent.uasset" 216
"../../../Engine/Content/EngineDebugMaterials/VolumeToRender.uasset" 217
"../../../Engine/Content/Functions/Engine_MaterialFunctions02/Utility/CameraDirectionVector.uasset" 218
"../../../Engine/Content/EngineDebugMaterials/M_VolumeRenderSphereTracePP.uasset" 219
"../../../Engine/Content/EngineMaterials/DefaultWhiteGrid_Low.uasset" 220
"../../../Engine/Content/EngineDebugMaterials/PhysicalMaterialMaskMaterial.uasset" 221
"../../../Engine/Content/EngineDebugMaterials/ShadedLevelColorationLitMaterial.uasset" 222
"../../../Engine/Content/EngineDebugMaterials/ShadedLevelColorationUnlitMateri.uasset" 223
"../../../Engine/Content/EngineDebugMaterials/VertexColorMaterial.uasset" 224
"../../../Engine/Content/EngineDebugMaterials/VertexColorViewMode_AlphaAsColor.uasset" 225
"../../../Engine/Content/EngineDebugMaterials/VertexColorViewMode_BlueOnly.uasset" 226
"../../../Engine/Content/EngineDebugMaterials/VertexColorViewMode_ColorOnly.uasset" 227
"../../../Engine/Content/EngineDebugMaterials/VertexColorViewMode_GreenOnly.uasset" 228
"../../../Engine/Content/EngineDebugMaterials/VertexColorViewMode_RedOnly.uasset" 229
"../../../Engine/Content/EngineDebugMaterials/WireframeMaterial.uasset" 230
"../../../Engine/Content/EngineFonts/Faces/RobotoRegular.uasset" 231
"../../../Engine/Content/EngineFonts/Faces/RobotoLight.uasset" 232
"../../../Engine/Content/EngineFonts/Faces/RobotoItalic.uasset" 233
"../../../Engine/Content/EngineFonts/Faces/RobotoBoldItalic.uasset" 234
"../../../Engine/Content/EngineFonts/Faces/RobotoBold.uasset" 235
"../../../Engine/Content/EngineFonts/Faces/DroidSansFallback.uasset" 236
"../../../Engine/Content/EngineFonts/Roboto.uasset" 237
"../../../Engine/Content/EngineFonts/Faces/RobotoTiny.uasset" 238
"../../../Engine/Content/EngineFonts/RobotoTiny.uasset" 239
"../../../Engine/Content/EngineFonts/SmallFont.uasset" 240
"../../../Engine/Content/EngineFonts/TinyFont.uasset" 241
"../../../Engine/Content/EngineMaterials/BaseFlattenNormalMap.uasset" 242
"../../../Engine/Content/EngineMaterials/BaseFlattenGrayscaleMap.uasset" 243
"../../../Engine/Content/EngineMaterials/BaseFlattenEmissiveMap.uasset" 244
"../../../Engine/Content/EngineMaterials/BaseFlattenDiffuseMap.uasset" 245
"../../../Engine/Content/EngineMaterials/BaseFlattenMaterial.uasset" 246
"../../../Engine/Content/EngineResources/WhiteSquareTexture.uasset" 247
"../../../Engine/Content/EngineMaterials/BlinkingCaret.uasset" 248
"../../../Engine/Content/EngineMaterials/BlueNoise.uasset" 249
"../../../Engine/Content/EngineMaterials/DefaultBloomKernel.uasset" 250
"../../../Engine/Content/EngineMaterials/DefaultBokeh.uasset" 251
"../../../Engine/Content/EngineMaterials/DefaultDeferredDecalMaterial.uasset" 252
"../../../Engine/Content/EngineMaterials/DefaultLightFunctionMaterial.uasset" 253
"../../../Engine/Content/EngineMaterials/DefaultNormal.uasset" 254
"../../../Engine/Content/EngineMaterials/DefaultPostProcessMaterial.uasset" 255
"../../../Engine/Content/EngineFonts/RobotoDistanceField.uasset" 256
"../../../Engine/Content/EngineMaterials/DefaultTextMaterialOpaque.uasset" 257
"../../../Engine/Content/EngineMaterials/EditorBrushMaterial.uasset" 258
"../../../Engine/Content/EngineMaterials/EmissiveMeshMaterial.uasset" 259
"../../../Engine/Content/EngineMaterials/GizmoMaterial.uasset" 260
"../../../Engine/Content/EngineMaterials/Grid_N.uasset" 261
"../../../Engine/Content/EngineMaterials/HighResolutionScreenshotMaskFunction.uasset" 262
"../../../Engine/Content/EngineMaterials/HighResScreenshot.uasset" 263
"../../../Engine/Content/EngineMaterials/HighResScreenshotCaptureRegion.uasset" 264
"../../../Engine/Content/EngineMaterials/HighResScreenshotMask.uasset" 265
"../../../Engine/Content/EngineMaterials/LandscapeHolePhysicalMaterial.uasset" 266
"../../../Engine/Content/EngineMaterials/InvalidLightmapSettings.uasset" 267
"../../../Engine/Content/EngineMaterials/M_InvalidLightmapSettings.uasset" 268
"../../../Engine/Content/EngineMaterials/PaperDiffuse.uasset" 269
"../../../Engine/Content/EngineMaterials/PaperNormal.uasset" 270
"../../../Engine/Content/Functions/Engine_MaterialFunctions02/WorldPositionOffset/CameraOffset.uasset" 271
"../../../Engine/Content/EngineMaterials/PhAT_JointLimitMaterial.uasset" 272
"../../../Engine/Content/EngineMaterials/PhysMat_Rubber.uasset" 273
"../../../Engine/Content/EngineMaterials/PreintegratedSkinBRDF.uasset" 274
"../../../Engine/Content/EngineMaterials/RemoveSurfaceMaterial.uasset" 275
"../../../Engine/Content/EngineMaterials/WeightMapPlaceholderTexture.uasset" 276
"../../../Engine/Content/Functions/Engine_MaterialFunctions01/ImageAdjustment/sRGBToLinear.uasset" 277
"../../../Engine/Content/Functions/Engine_MaterialFunctions02/Utility/BreakOutFloat3Components.uasset" 278
"../../../Engine/Content/EngineMaterials/Widget3DCameraPassThrough_Opaque_OneSided.uasset" 279
"../../../Engine/Content/EngineMaterials/Widget3DPassThrough.uasset" 280
"../../../Engine/Content/EngineMaterials/Widget3DPassThrough_Masked.uasset" 281
"../../../Engine/Content/EngineMaterials/Widget3DPassThrough_Opaque.uasset" 282
"../../../Engine/Content/EngineMaterials/Widget3DPassThrough_Masked_OneSided.uasset" 283
"../../../Engine/Content/EngineMaterials/Widget3DPassThrough_Opaque_OneSided.uasset" 284
"../../../Engine/Content/EngineMaterials/Widget3DPassThrough_Translucent.uasset" 285
"../../../Engine/Content/EngineMaterials/Widget3DPassThrough_Translucent_OneSided.uasset" 286
"../../../Engine/Content/EngineMeshes/Cylinder.uasset" 287
"../../../Engine/Content/EngineMeshes/Sphere.uasset" 288
"../../../Engine/Content/EngineResources/Black.uasset" 289
"../../../Engine/Content/EngineResources/DefaultTextureCube.uasset" 290
"../../../Engine/Content/EngineResources/DefaultVolumeTexture2D.uasset" 291
"../../../Engine/Content/EngineResources/DefaultVolumeTexture.uasset" 292
"../../../Engine/Content/EngineResources/GradientTexture0.uasset" 293
"../../../Engine/Content/EngineResources/StreamingPauseIcon.uasset" 294
"../../../Engine/Content/EngineResources/M_StreamingPause.uasset" 295
"../../../Engine/Content/EngineSky/VolumetricClouds/T_NoiseShape64.uasset" 296
"../../../Engine/Content/EngineSky/VolumetricClouds/T_VolumeNoiseShape64.uasset" 297
"../../../Engine/Content/EngineSky/VolumetricClouds/T_NoiseErosion.uasset" 298
"../../../Engine/Content/EngineSky/VolumetricClouds/T_VolumeNoiseErosion32.uasset" 299
"../../../Engine/Content/EngineSky/VolumetricClouds/CloudWeatherTexture.uasset" 300
"../../../Engine/Content/EngineSky/VolumetricClouds/CloudGradientTexture.uasset" 301
"../../../Engine/Content/EngineSky/VolumetricClouds/m_SimpleVolumetricCloud.uasset" 302
"../../../Engine/Content/EngineSky/VolumetricClouds/m_SimpleVolumetricCloud_Inst.uasset" 303
"../../../Engine/Content/EngineSounds/Master.uasset" 304
"../../../Engine/Content/Functions/Engine_MaterialFunctions01/Shading/PowerToRoughness.uasset" 305
"../../../Engine/Content/Maps/Templates/Thumbnails/Default.uasset" 306
"../../../Engine/Content/Maps/Templates/Thumbnails/TimeOfDay.uasset" 307
"../../../Engine/Content/Maps/Templates/Thumbnails/VR-Basic.uasset" 308
"../../../Engine/Content/MapTemplates/Sky/DaylightAmbientCubemap.uasset" 309
"../../../Engine/Content/MobileResources/T_MobileControls_texture.uasset" 310
"../../../Engine/Content/MobileResources/T_MobileMenu2.uasset" 311
"../../../Engine/Content/MobileResources/HUD/AnalogHat.uasset" 312
"../../../Engine/Content/MobileResources/HUD/VirtualJoystick_Thumb.uasset" 313
"../../../Engine/Content/MobileResources/HUD/VirtualJoystick_Background.uasset" 314
"../../../Engine/Content/MobileResources/HUD/DefaultVirtualJoysticks.uasset" 315
"../../../Engine/Content/MobileResources/HUD/LeftVirtualJoystickOnly.uasset" 316
"../../../Engine/Content/MobileResources/HUD/MobileHUDButton1_off.uasset" 317
"../../../Engine/Content/MobileResources/HUD/MobileHUDButton1_on.uasset" 318
"../../../Engine/Content/MobileResources/HUD/MobileHUDButton2_off.uasset" 319
"../../../Engine/Content/MobileResources/HUD/MobileHUDButton2_on.uasset" 320
"../../../Engine/Content/MobileResources/HUD/MobileHUDButton3.uasset" 321
"../../../Engine/Content/MobileResources/HUD/MobileHUDButtonFire.uasset" 322
"../../../Engine/Content/MobileResources/HUD/MobileHUDDirectionPad.uasset" 323
"../../../Engine/Content/MobileResources/HUD/MobileHUDDirectionPad2.uasset" 324
"../../../Engine/Content/MobileResources/HUD/MobileHUDDirectionPad3.uasset" 325
"../../../Engine/Content/MobileResources/HUD/MobileHUDDirectionStick.uasset" 326
"../../../Engine/Content/MobileResources/HUD/T_Castle_ThumbstickInner.uasset" 327
"../../../Engine/Content/MobileResources/HUD/T_Castle_ThumbstickOutter.uasset" 328
"../../../Engine/Content/Tutorial/ContentIntroCurve.uasset" 329
"../../../Engine/Content/Tutorial/Basics/LevelEditorAttract.uasset" 330
"../../../Engine/Content/Tutorial/Basics/TutorialAssets/icon_tab_Levels_40x.uasset" 331
"../../../Engine/Content/Tutorial/Basics/LevelEditorOverview.uasset" 332
"../../../Engine/Content/Tutorial/BlueprintTutorials/TutorialAssets/Blueprint_64x.uasset" 333
"../../../Engine/Content/Tutorial/BlueprintTutorials/BlueprintEditorTutorial.uasset" 334
"../../../Engine/Content/Tutorial/BlueprintTutorials/TutorialAssets/Tutorial_BP_MacroLib.uasset" 335
"../../../Engine/Content/VREditor/TransformGizmo/TranslucentTransformGizmoMaterial.uasset" 336
"../../../Engine/Content/VREditor/LaserPointer/VR_LaserPower_01.uasset" 337
"../../../Engine/Content/VREditor/TransformGizmo/TransformGizmoMaterial.uasset" 338
"../../../Engine/Content/VREditor/TransformGizmo/BoundingBoxCorner.uasset" 339
"../../../Engine/Content/VREditor/TransformGizmo/BoundingBoxEdge.uasset" 340
"../../../Engine/Content/VREditor/TransformGizmo/PlaneTranslationHandle.uasset" 341
"../../../Engine/Content/VREditor/TransformGizmo/Xray.uasset" 342
"../../../Engine/Content/VREditor/TransformGizmo/Main.uasset" 343
"../../../Engine/Content/VREditor/TransformGizmo/SM_Sequencer_Key.uasset" 344
"../../../Engine/Content/VREditor/TransformGizmo/SM_Sequencer_Node.uasset" 345
"../../../../../../Users/jonathanak/Documents/GitHub/Elemental-Tower-Defense/ElementalDefense/Content/Cave/Textures/T_Bridge_ORM.uasset" 346
"../../../../../../Users/jonathanak/Documents/GitHub/Elemental-Tower-Defense/ElementalDefense/Content/Cave/Textures/T_Bridge_N.uasset" 347
"../../../../../../Users/jonathanak/Documents/GitHub/Elemental-Tower-Defense/ElementalDefense/Content/Cave/Textures/T_Bridge_BC.uasset" 348
"../../../../../../Users/jonathanak/Documents/GitHub/Elemental-Tower-Defense/ElementalDefense/Content/Cave/Textures/T_Pillar01_ORM.uasset" 349
"../../../../../../Users/jonathanak/Documents/GitHub/Elemental-Tower-Defense/ElementalDefense/Content/Cave/Textures/T_Pillar01_N.uasset" 350
"../../../../../../Users/jonathanak/Documents/GitHub/Elemental-Tower-Defense/ElementalDefense/Content/Cave/Textures/T_Pillar01_BC.uasset" 351
"../../../../../../Users/jonathanak/Documents/GitHub/Elemental-Tower-Defense/ElementalDefense/Content/Cave/Materials/M_Pillar01_Master.uasset" 352
"../../../../../../Users/jonathanak/Documents/GitHub/Elemental-Tower-Defense/ElementalDefense/Content/Cave/Materials/MI_Bridge.uasset" 353
"../../../../../../Users/jonathanak/Documents/GitHub/Elemental-Tower-Defense/ElementalDefense/Content/Cave/Meshes/SM_Bridge.uasset" 354
"../../../../../../Users/jonathanak/Documents/GitHub/Elemental-Tower-Defense/ElementalDefense/Content/MedievalDungeon/Particles/Textures/T_CandleFlame.uasset" 355
"../../../../../../Users/jonathanak/Documents/GitHub/Elemental-Tower-Defense/ElementalDefense/Content/MedievalDungeon/Particles/Materials/M_CandleFlame.uasset" 356
"../../../../../../Users/jonathanak/Documents/GitHub/Elemental-Tower-Defense/ElementalDefense/Content/MedievalDungeon/Particles/PS_CandleFlame.uasset" 357
"../../../../../../Users/jonathanak/Documents/GitHub/Elemental-Tower-Defense/ElementalDefense/Content/MedievalDungeon/Textures/T_Candles_N.uasset" 358
"../../../../../../Users/jonathanak/Documents/GitHub/Elemental-Tower-Defense/ElementalDefense/Content/MedievalDungeon/Textures/T_Candles_C.uasset" 359
"../../../../../../Users/jonathanak/Documents/GitHub/Elemental-Tower-Defense/ElementalDefense/Content/MedievalDungeon/Textures/T_Candles_A.uasset" 360
"../../../Engine/Content/Functions/Engine_MaterialFunctions02/Math/MultiplyAdd.uasset" 361
"../../../../../../Users/jonathanak/Documents/GitHub/Elemental-Tower-Defense/ElementalDefense/Content/MedievalDungeon/Materials/M_Candles_Master.uasset" 362
"../../../../../../Users/jonathanak/Documents/GitHub/Elemental-Tower-Defense/ElementalDefense/Content/MedievalDungeon/Materials/M_Candles_Inst.uasset" 363
"../../../../../../Users/jonathanak/Documents/GitHub/Elemental-Tower-Defense/ElementalDefense/Content/MedievalDungeon/Meshes/Props/SM_Candle.uasset" 364
"../../../../../../Users/jonathanak/Documents/GitHub/Elemental-Tower-Defense/ElementalDefense/Content/MedievalDungeon/Blueprints/BP_Candle.uasset" 365
"../../../../../../Users/jonathanak/Documents/GitHub/Elemental-Tower-Defense/ElementalDefense/Content/MedievalDungeon/Textures/T_CandleHolder_Bronze_N.uasset" 366
"../../../../../../Users/jonathanak/Documents/GitHub/Elemental-Tower-Defense/ElementalDefense/Content/MedievalDungeon/Textures/T_CandleHolder_Bronze_C.uasset" 367
"../../../../../../Users/jonathanak/Documents/GitHub/Elemental-Tower-Defense/ElementalDefense/Content/MedievalDungeon/Textures/T_CandleHolder_Bronze_A.uasset" 368
"../../../../../../Users/jonathanak/Documents/GitHub/Elemental-Tower-Defense/ElementalDefense/Content/MedievalDungeon/Textures/T_Blank_N.uasset" 369
"../../../../../../Users/jonathanak/Documents/GitHub/Elemental-Tower-Defense/ElementalDefense/Content/MedievalDungeon/Textures/T_Blank_C.uasset" 370
"../../../../../../Users/jonathanak/Documents/GitHub/Elemental-Tower-Defense/ElementalDefense/Content/MedievalDungeon/Textures/T_Blank_A.uasset" 371
"../../../Engine/Content/Functions/Engine_MaterialFunctions01/Gradient/LinearGradient.uasset" 372
"../../../Engine/Content/Functions/Engine_MaterialFunctions01/ImageAdjustment/CheapContrast.uasset" 373
"../../../Engine/Content/EngineMaterials/Good64x64TilingNoiseHighFreq.uasset" 374
"../../../Engine/Content/Functions/Engine_MaterialFunctions02/Texturing/ScreenAlignedPixelToPixelUVs.uasset" 375
"../../../Engine/Content/Functions/Engine_MaterialFunctions02/Utility/DitherTemporalAA.uasset" 376
"../../../../../../Users/jonathanak/Documents/GitHub/Elemental-Tower-Defense/ElementalDefense/Content/MedievalDungeon/Materials/M_Master.uasset" 377
"../../../../../../Users/jonathanak/Documents/GitHub/Elemental-Tower-Defense/ElementalDefense/Content/MedievalDungeon/Materials/M_CandleHolder_Bronze_Inst.uasset" 378
"../../../../../../Users/jonathanak/Documents/GitHub/Elemental-Tower-Defense/ElementalDefense/Content/MedievalDungeon/Meshes/Props/SM_CandleHolder_Bronze.uasset" 379
"../../../../../../Users/jonathanak/Documents/GitHub/Elemental-Tower-Defense/ElementalDefense/Content/MedievalDungeon/Meshes/Props/SM_Candle_Used_B.uasset" 380
"../../../../../../Users/jonathanak/Documents/GitHub/Elemental-Tower-Defense/ElementalDefense/Content/MedievalDungeon/Blueprints/BP_CandleHolder_Bronze.uasset" 381
"../../../../../../Users/jonathanak/Documents/GitHub/Elemental-Tower-Defense/ElementalDefense/Content/MedievalDungeon/Textures/T_CandleHolder_Iron_N.uasset" 382
"../../../../../../Users/jonathanak/Documents/GitHub/Elemental-Tower-Defense/ElementalDefense/Content/MedievalDungeon/Textures/T_CandleHolder_Iron_C.uasset" 383
"../../../../../../Users/jonathanak/Documents/GitHub/Elemental-Tower-Defense/ElementalDefense/Content/MedievalDungeon/Textures/T_CandleHolder_Iron_A.uasset" 384
"../../../../../../Users/jonathanak/Documents/GitHub/Elemental-Tower-Defense/ElementalDefense/Content/MedievalDungeon/Materials/M_CandleHolder_Iron_Inst.uasset" 385
"../../../../../../Users/jonathanak/Documents/GitHub/Elemental-Tower-Defense/ElementalDefense/Content/MedievalDungeon/Meshes/Props/SM_CandleHolder_Iron.uasset" 386
"../../../../../../Users/jonathanak/Documents/GitHub/Elemental-Tower-Defense/ElementalDefense/Content/MedievalDungeon/Blueprints/BP_CandleHolder_Iron.uasset" 387
"../../../../../../Users/jonathanak/Documents/GitHub/Elemental-Tower-Defense/ElementalDefense/Content/MedievalDungeon/Textures/T_CandleStick_Iron_N.uasset" 388
"../../../../../../Users/jonathanak/Documents/GitHub/Elemental-Tower-Defense/ElementalDefense/Content/MedievalDungeon/Textures/T_CandleStick_Iron_C.uasset" 389
"../../../../../../Users/jonathanak/Documents/GitHub/Elemental-Tower-Defense/ElementalDefense/Content/MedievalDungeon/Textures/T_CandleStick_Iron_A.uasset" 390
"../../../../../../Users/jonathanak/Documents/GitHub/Elemental-Tower-Defense/ElementalDefense/Content/MedievalDungeon/Materials/M_CandleStick_Iron_Inst.uasset" 391
"../../../../../../Users/jonathanak/Documents/GitHub/Elemental-Tower-Defense/ElementalDefense/Content/MedievalDungeon/Meshes/Props/SM_CandleStick_Iron.uasset" 392
"../../../../../../Users/jonathanak/Documents/GitHub/Elemental-Tower-Defense/ElementalDefense/Content/MedievalDungeon/Blueprints/BP_CandleStick_Iron.uasset" 393
"../../../../../../Users/jonathanak/Documents/GitHub/Elemental-Tower-Defense/ElementalDefense/Content/MedievalDungeon/Textures/T_StoneWall_N.uasset" 394
"../../../../../../Users/jonathanak/Documents/GitHub/Elemental-Tower-Defense/ElementalDefense/Content/MedievalDungeon/Textures/T_StoneWall_H.uasset" 395
"../../../../../../Users/jonathanak/Documents/GitHub/Elemental-Tower-Defense/ElementalDefense/Content/MedievalDungeon/Textures/T_StoneWall_C.uasset" 396
"../../../../../../Users/jonathanak/Documents/GitHub/Elemental-Tower-Defense/ElementalDefense/Content/MedievalDungeon/Textures/T_StoneWall_A.uasset" 397
"../../../Engine/Content/Functions/Engine_MaterialFunctions02/SafeNormalize.uasset" 398
"../../../Engine/Content/Functions/Engine_MaterialFunctions02/Math/CreateThirdOrthogonalVector.uasset" 399
"../../../Engine/Content/Functions/Engine_MaterialFunctions02/Math/InverseTransformMatrix.uasset" 400
"../../../Engine/Content/Functions/Engine_MaterialFunctions02/Math/TransformToZVector.uasset" 401
"../../../Engine/Content/EngineVolumetrics/Fogsheet/Materials/T_EV_BlankWhite_01.uasset" 402
"../../../Engine/Content/Functions/Engine_MaterialFunctions01/Texturing/ParallaxOcclusionMapping.uasset" 403
"../../../../../../Users/jonathanak/Documents/GitHub/Elemental-Tower-Defense/ElementalDefense/Content/MedievalDungeon/Materials/M_Tiling_Master.uasset" 404
"../../../../../../Users/jonathanak/Documents/GitHub/Elemental-Tower-Defense/ElementalDefense/Content/MedievalDungeon/Materials/M_StoneWall_Inst.uasset" 405
"../../../../../../Users/jonathanak/Documents/GitHub/Elemental-Tower-Defense/ElementalDefense/Content/MedievalDungeon/Meshes/Architecture/Crypt/SM_Crypt_Ceiling_Flat.uasset" 406
"../../../../../../Users/jonathanak/Documents/GitHub/Elemental-Tower-Defense/ElementalDefense/Content/MedievalDungeon/Meshes/Architecture/Crypt/SM_Crypt_Ceiling_Half_B.uasset" 407
"../../../../../../Users/jonathanak/Documents/GitHub/Elemental-Tower-Defense/ElementalDefense/Content/MedievalDungeon/Textures/T_Edge_Stones_And_Straight_Column_Texturing_Normal.uasset" 408
"../../../../../../Users/jonathanak/Documents/GitHub/Elemental-Tower-Defense/ElementalDefense/Content/MedievalDungeon/Textures/T_Edge_Stones_And_Straight_Column_Texturing_Compact.uasset" 409
"../../../../../../Users/jonathanak/Documents/GitHub/Elemental-Tower-Defense/ElementalDefense/Content/MedievalDungeon/Textures/T_Edge_Stones_And_Straight_Column_Texturing_Albedo.uasset" 410
"../../../../../../Users/jonathanak/Documents/GitHub/Elemental-Tower-Defense/ElementalDefense/Content/MedievalDungeon/Materials/M_Edge_Stones_Inst.uasset" 411
"../../../../../../Users/jonathanak/Documents/GitHub/Elemental-Tower-Defense/ElementalDefense/Content/MedievalDungeon/Textures/T_Crypt_Wall_Decorative_B_Normal.uasset" 412
"../../../../../../Users/jonathanak/Documents/GitHub/Elemental-Tower-Defense/ElementalDefense/Content/MedievalDungeon/Textures/T_Crypt_Wall_Decorative_B_Compact.uasset" 413
"../../../../../../Users/jonathanak/Documents/GitHub/Elemental-Tower-Defense/ElementalDefense/Content/MedievalDungeon/Textures/T_Crypt_Wall_Decorative_B_Albedo.uasset" 414
"../../../../../../Users/jonathanak/Documents/GitHub/Elemental-Tower-Defense/ElementalDefense/Content/MedievalDungeon/Materials/M_Crypt_Wall_Decorative_B_Inst.uasset" 415
"../../../../../../Users/jonathanak/Documents/GitHub/Elemental-Tower-Defense/ElementalDefense/Content/MedievalDungeon/Meshes/Architecture/Crypt/SM_Crypt_Wall_Decorative_B.uasset" 416
"../../../../../../Users/jonathanak/Documents/GitHub/Elemental-Tower-Defense/ElementalDefense/Content/MedievalDungeon/Textures/T_Crypt_Wall_Decorative_D_N.uasset" 417
"../../../../../../Users/jonathanak/Documents/GitHub/Elemental-Tower-Defense/ElementalDefense/Content/MedievalDungeon/Textures/T_Crypt_Wall_Decorative_D_C.uasset" 418
"../../../../../../Users/jonathanak/Documents/GitHub/Elemental-Tower-Defense/ElementalDefense/Content/MedievalDungeon/Textures/T_Crypt_Wall_Decorative_D_A.uasset" 419
"../../../../../../Users/jonathanak/Documents/GitHub/Elemental-Tower-Defense/ElementalDefense/Content/MedievalDungeon/Materials/M_Crypt_Wall_Decorative_D_Inst.uasset" 420
"../../../../../../Users/jonathanak/Documents/GitHub/Elemental-Tower-Defense/ElementalDefense/Content/MedievalDungeon/Meshes/Architecture/Crypt/SM_Crypt_Wall_Decorative_D.uasset" 421
"../../../../../../Users/jonathanak/Documents/GitHub/Elemental-Tower-Defense/ElementalDefense/Content/MedievalDungeon/Meshes/Architecture/Dungeon/SM_Ceiling.uasset" 422
"../../../../../../Users/jonathanak/Documents/GitHub/Elemental-Tower-Defense/ElementalDefense/Content/MedievalDungeon/Textures/T_Ceiling_Arch_Normal.uasset" 423
"../../../../../../Users/jonathanak/Documents/GitHub/Elemental-Tower-Defense/ElementalDefense/Content/MedievalDungeon/Textures/T_Ceiling_Arch_Compact.uasset" 424
"../../../../../../Users/jonathanak/Documents/GitHub/Elemental-Tower-Defense/ElementalDefense/Content/MedievalDungeon/Textures/T_Ceiling_Arch_Albedo.uasset" 425
"../../../../../../Users/jonathanak/Documents/GitHub/Elemental-Tower-Defense/ElementalDefense/Content/MedievalDungeon/Materials/M_Ceiling_Arch_Inst.uasset" 426
"../../../../../../Users/jonathanak/Documents/GitHub/Elemental-Tower-Defense/ElementalDefense/Content/MedievalDungeon/Meshes/Architecture/Dungeon/SM_Ceiling_Arch_A.uasset" 427
"../../../../../../Users/jonathanak/Documents/GitHub/Elemental-Tower-Defense/ElementalDefense/Content/MedievalDungeon/Textures/T_Decorative_Arches_N.uasset" 428
"../../../../../../Users/jonathanak/Documents/GitHub/Elemental-Tower-Defense/ElementalDefense/Content/MedievalDungeon/Textures/T_Decorative_Arches_C.uasset" 429
"../../../../../../Users/jonathanak/Documents/GitHub/Elemental-Tower-Defense/ElementalDefense/Content/MedievalDungeon/Textures/T_Decorative_Arches_A.uasset" 430
"../../../../../../Users/jonathanak/Documents/GitHub/Elemental-Tower-Defense/ElementalDefense/Content/MedievalDungeon/Materials/M_Decorative_Arches_Inst.uasset" 431
"../../../../../../Users/jonathanak/Documents/GitHub/Elemental-Tower-Defense/ElementalDefense/Content/MedievalDungeon/Meshes/Architecture/Dungeon/SM_Decorative_Arches.uasset" 432
"../../../../../../Users/jonathanak/Documents/GitHub/Elemental-Tower-Defense/ElementalDefense/Content/MedievalDungeon/Meshes/Architecture/Dungeon/SM_Dungeon_Wall.uasset" 433
"../../../../../../Users/jonathanak/Documents/GitHub/Elemental-Tower-Defense/ElementalDefense/Content/MedievalDungeon/Meshes/Architecture/Dungeon/SM_Edge_Stones.uasset" 434
"../../../../../../Users/jonathanak/Documents/GitHub/Elemental-Tower-Defense/ElementalDefense/Content/MedievalDungeon/Textures/T_BrickFloor_Clean_N.uasset" 435
"../../../../../../Users/jonathanak/Documents/GitHub/Elemental-Tower-Defense/ElementalDefense/Content/MedievalDungeon/Textures/T_BrickFloor_Clean_H.uasset" 436
"../../../../../../Users/jonathanak/Documents/GitHub/Elemental-Tower-Defense/ElementalDefense/Content/MedievalDungeon/Textures/T_BrickFloor_Clean_C.uasset" 437
"../../../../../../Users/jonathanak/Documents/GitHub/Elemental-Tower-Defense/ElementalDefense/Content/MedievalDungeon/Textures/T_BrickFloor_Clean_A.uasset" 438
"../../../../../../Users/jonathanak/Documents/GitHub/Elemental-Tower-Defense/ElementalDefense/Content/MedievalDungeon/Materials/M_BrickFloor_Clean_Inst.uasset" 439
"../../../../../../Users/jonathanak/Documents/GitHub/Elemental-Tower-Defense/ElementalDefense/Content/MedievalDungeon/Meshes/Architecture/Dungeon/SM_Floor.uasset" 440
"../../../../../../Users/jonathanak/Documents/GitHub/Elemental-Tower-Defense/ElementalDefense/Content/MedievalDungeon/Textures/T_Large_Window_Half_N.uasset" 441
"../../../../../../Users/jonathanak/Documents/GitHub/Elemental-Tower-Defense/ElementalDefense/Content/MedievalDungeon/Textures/T_Large_Window_Half_C.uasset" 442
"../../../../../../Users/jonathanak/Documents/GitHub/Elemental-Tower-Defense/ElementalDefense/Content/MedievalDungeon/Textures/T_Large_Window_Half_A.uasset" 443
"../../../../../../Users/jonathanak/Documents/GitHub/Elemental-Tower-Defense/ElementalDefense/Content/MedievalDungeon/Materials/M_Large_Window_Half_Inst.uasset" 444
"../../../../../../Users/jonathanak/Documents/GitHub/Elemental-Tower-Defense/ElementalDefense/Content/MedievalDungeon/Meshes/Architecture/Dungeon/SM_Large_Window_Half.uasset" 445
"../../../../../../Users/jonathanak/Documents/GitHub/Elemental-Tower-Defense/ElementalDefense/Content/MedievalDungeon/Textures/T_Pillar_N.uasset" 446
"../../../../../../Users/jonathanak/Documents/GitHub/Elemental-Tower-Defense/ElementalDefense/Content/MedievalDungeon/Textures/T_Pillar_C.uasset" 447
"../../../../../../Users/jonathanak/Documents/GitHub/Elemental-Tower-Defense/ElementalDefense/Content/MedievalDungeon/Textures/T_Pillar_A.uasset" 448
"../../../../../../Users/jonathanak/Documents/GitHub/Elemental-Tower-Defense/ElementalDefense/Content/MedievalDungeon/Materials/M_Pillar_Inst.uasset" 449
"../../../../../../Users/jonathanak/Documents/GitHub/Elemental-Tower-Defense/ElementalDefense/Content/MedievalDungeon/Meshes/Architecture/Dungeon/SM_Pillar.uasset" 450
"../../../../../../Users/jonathanak/Documents/GitHub/Elemental-Tower-Defense/ElementalDefense/Content/MedievalDungeon/Textures/T_Small_Window_N.uasset" 451
"../../../../../../Users/jonathanak/Documents/GitHub/Elemental-Tower-Defense/ElementalDefense/Content/MedievalDungeon/Textures/T_Small_Window_C.uasset" 452
"../../../../../../Users/jonathanak/Documents/GitHub/Elemental-Tower-Defense/ElementalDefense/Content/MedievalDungeon/Textures/T_Small_Window_A.uasset" 453
"../../../../../../Users/jonathanak/Documents/GitHub/Elemental-Tower-Defense/ElementalDefense/Content/MedievalDungeon/Materials/M_Small_Window_Inst.uasset" 454
"../../../../../../Users/jonathanak/Documents/GitHub/Elemental-Tower-Defense/ElementalDefense/Content/MedievalDungeon/Meshes/Architecture/Dungeon/SM_Small_Window_Half.uasset" 455
"../../../../../../Users/jonathanak/Documents/GitHub/Elemental-Tower-Defense/ElementalDefense/Content/MedievalDungeon/Textures/T_Stairs_10_Normal.uasset" 456
"../../../../../../Users/jonathanak/Documents/GitHub/Elemental-Tower-Defense/ElementalDefense/Content/MedievalDungeon/Textures/T_Stairs_10_Compact.uasset" 457
"../../../../../../Users/jonathanak/Documents/GitHub/Elemental-Tower-Defense/ElementalDefense/Content/MedievalDungeon/Textures/T_Stairs_10_Albedo.uasset" 458
"../../../../../../Users/jonathanak/Documents/GitHub/Elemental-Tower-Defense/ElementalDefense/Content/MedievalDungeon/Materials/M_Stairs_10_Inst.uasset" 459
"../../../../../../Users/jonathanak/Documents/GitHub/Elemental-Tower-Defense/ElementalDefense/Content/MedievalDungeon/Meshes/Architecture/Dungeon/SM_Stairs_10.uasset" 460
"../../../../../../Users/jonathanak/Documents/GitHub/Elemental-Tower-Defense/ElementalDefense/Content/MedievalDungeon/Meshes/Architecture/Dungeon/SM_Stairs_5.uasset" 461
"../../../../../../Users/jonathanak/Documents/GitHub/Elemental-Tower-Defense/ElementalDefense/Content/MedievalDungeon/Meshes/Architecture/Dungeon/SM_Wall_Floor_Trim.uasset" 462
"../../../../../../Users/jonathanak/Documents/GitHub/Elemental-Tower-Defense/ElementalDefense/Content/MedievalDungeon/Meshes/Architecture/Dungeon/Wall_Short.uasset" 463
"../../Plugins/2D/Paper2D/Content/PlaceholderTextures/DummySpriteTexture.uasset" 464
"../../Plugins/2D/Paper2D/Content/DummySprite.uasset" 465
"../../Plugins/2D/Paper2D/Content/DefaultPaperTerrainMaterial.uasset" 466
"../../Plugins/2D/Paper2D/Content/DefaultSpriteMaterial.uasset" 467
"../../Plugins/2D/Paper2D/Content/MaskedUnlitSpriteMaterial.uasset" 468
"../../Plugins/2D/Paper2D/Content/OpaqueUnlitSpriteMaterial.uasset" 469
"../../Plugins/Editor/SpeedTreeImporter/Content/SpeedTree9/UnpackInteger3.uasset" 470
"../../Plugins/Editor/SpeedTreeImporter/Content/SpeedTree9/UnpackDirection.uasset" 471
"../../Plugins/Editor/SpeedTreeImporter/Content/SpeedTree9/game_wind_noise.uasset" 472
"../../Plugins/Editor/SpeedTreeImporter/Content/SpeedTree9/SpeedTreeWindMotion.uasset" 473
"../../Plugins/Editor/SpeedTreeImporter/Content/SpeedTree9/SpeedTreeBranchMotion.uasset" 474
"../../../Engine/Content/Functions/Engine_MaterialFunctions02/ObjectLocalBounds.uasset" 475
"../../../Engine/Content/Functions/Engine_MaterialFunctions02/UVs/BoundingBoxBased_0-1_UVW.uasset" 476
"../../Plugins/Editor/SpeedTreeImporter/Content/SpeedTree9/SpeedTreeWind.uasset" 477
"../../Plugins/Editor/SpeedTreeImporter/Content/SpeedTree9/SpeedTreeBillboard.uasset" 478
"../../../Engine/Content/EngineResources/DefaultTexture.uasset" 479
"../../Plugins/Editor/SpeedTreeImporter/Content/SpeedTree9/SpeedTreeBillboardMaster.uasset" 480
"../../Plugins/Editor/SpeedTreeImporter/Content/SpeedTree9/SpeedTreeCameraFacing.uasset" 481
"../../Plugins/Editor/SpeedTreeImporter/Content/SpeedTree9/SpeedTreeMaster.uasset" 482
"../../Plugins/FX/Niagara/Content/Enums/ENiagaraAnimTrailWidthMode.uasset" 483
"../../Plugins/FX/Niagara/Content/Enums/ENiagaraArraySamplingMode.uasset" 484
"../../Plugins/FX/Niagara/Content/Enums/ENiagaraBoneSamplingMode.uasset" 485
"../../Plugins/FX/Niagara/Content/Enums/ENiagaraBoneSocketSamplingMode.uasset" 486
"../../Plugins/FX/Niagara/Content/Enums/ENiagaraBooleanLogicOps.uasset" 487
"../../Plugins/FX/Niagara/Content/Enums/ENiagaraBooleanLogicOps_v2.uasset" 488
"../../Plugins/FX/Niagara/Content/Enums/ENiagaraCalculateRadiusOptions.uasset" 489
"../../Plugins/FX/Niagara/Content/Enums/ENiagaraChannelCorrelation.uasset" 490
"../../Plugins/FX/Niagara/Content/Enums/ENiagaraCollisionRadiusOptions.uasset" 491
"../../Plugins/FX/Niagara/Content/Enums/ENiagaraCurlNoiseQuality.uasset" 492
"../../Plugins/FX/Niagara/Content/Enums/ENiagaraEmitterScalabilityMode.uasset" 493
"../../Plugins/FX/Niagara/Content/Enums/ENiagaraFrictionMergeType.uasset" 494
"../../Plugins/FX/Niagara/Content/Enums/ENiagaraGPUDepthResponseType.uasset" 495
"../../Plugins/FX/Niagara/Content/Enums/ENiagaraGridPlacementType.uasset" 496
"../../Plugins/FX/Niagara/Content/Enums/ENiagaraKillVolumeOptions.uasset" 497
"../../Plugins/FX/Niagara/Content/Enums/ENiagaraLinearColor_Channels.uasset" 498
"../../Plugins/FX/Niagara/Content/Enums/ENiagaraMassByVolume.uasset" 499
"../../Plugins/FX/Niagara/Content/Enums/ENiagaraMassCalculationForRendererTypes.uasset" 500
"../../Plugins/FX/Niagara/Content/Enums/ENiagaraMeshOrSprite.uasset" 501
"../../Plugins/FX/Niagara/Content/Enums/ENiagaraMeshSamplingMode.uasset" 502
"../../Plugins/FX/Niagara/Content/Enums/ENiagaraMeshSurfaceSamplingMode.uasset" 503
"../../Plugins/FX/Niagara/Content/Enums/ENiagaraMinOrMax.uasset" 504
"../../Plugins/FX/Niagara/Content/Enums/ENiagaraNumericVariableTypes.uasset" 505
"../../Plugins/FX/Niagara/Content/Enums/ENiagaraOrientationAxis.uasset" 506
"../../Plugins/FX/Niagara/Content/Enums/ENiagaraQuaternionDerivationTechnique.uasset" 507
"../../Plugins/FX/Niagara/Content/Enums/ENiagaraRestitutionMergeType.uasset" 508
"../../Plugins/FX/Niagara/Content/Enums/ENiagaraSimulationTarget.uasset" 509
"../../Plugins/FX/Niagara/Content/Enums/ENiagaraSkeletalSpawning.uasset" 510
"../../Plugins/FX/Niagara/Content/Enums/ENiagaraSkelSamplingFilteringMode.uasset" 511
"../../Plugins/FX/Niagara/Content/Enums/ENiagaraSkelSamplingModeFull.uasset" 512
"../../Plugins/FX/Niagara/Content/Enums/ENiagaraSocketSamplingMode.uasset" 513
"../../Plugins/FX/Niagara/Content/Enums/ENiagaraSphereDistributionMode.uasset" 514
"../../Plugins/FX/Niagara/Content/Enums/ENiagaraSUbUVAnimationMode.uasset" 515
"../../Plugins/FX/Niagara/Content/Enums/ENiagaraTorusMode.uasset" 516
"../../Plugins/FX/Niagara/Content/Enums/ENiagaraTriangleSamplingMode.uasset" 517
"../../Plugins/FX/Niagara/Content/Enums/ENiagaraVector2_Channels.uasset" 518
"../../Plugins/FX/Niagara/Content/Enums/ENiagaraVector3_Channels.uasset" 519
"../../Plugins/FX/Niagara/Content/Enums/ENiagaraVector4_Channels.uasset" 520
"../../Plugins/FX/Niagara/Content/Enums/ENiagaraVertexFilteringMode.uasset" 521
"../../Plugins/FX/Niagara/Content/Enums/ENiagaraVertexSamplingMode.uasset" 522
"../../Plugins/FX/Niagara/Content/Enums/ENiagara_AudioParamType.uasset" 523
"../../Plugins/FX/Niagara/Content/Enums/ENiagara_BankOnTurns.uasset" 524
"../../Plugins/FX/Niagara/Content/Enums/ENiagara_CameraMeshOrientation.uasset" 525
"../../Plugins/FX/Niagara/Content/Enums/ENiagara_CameraProperties.uasset" 526
"../../Plugins/FX/Niagara/Content/Enums/ENiagara_CollisionType.uasset" 527
"../../Plugins/FX/Niagara/Content/Enums/ENiagara_ColorInitializationMode.uasset" 528
"../../Plugins/FX/Niagara/Content/Enums/ENiagara_CPUCollisionType.uasset" 529
"../../Plugins/FX/Niagara/Content/Enums/ENiagara_DirectReadApplicationMode.uasset" 530
"../../Plugins/FX/Niagara/Content/Enums/ENiagara_DirectReadParticleIDSampling.uasset" 531
"../../Plugins/FX/Niagara/Content/Enums/ENiagara_DirectReadSamplingMode.uasset" 532
"../../Plugins/FX/Niagara/Content/Enums/ENiagara_EmitterLocSamplingMode.uasset" 533
"../../Plugins/FX/Niagara/Content/Enums/ENiagara_FadeOperationType.uasset" 534
"../../Plugins/FX/Niagara/Content/Enums/ENiagara_Float4Channel.uasset" 535
"../../Plugins/FX/Niagara/Content/Enums/ENiagara_GPUCollisionType.uasset" 536
"../../Plugins/FX/Niagara/Content/Enums/ENiagara_IDAttributes.uasset" 537
"../../Plugins/FX/Niagara/Content/Enums/ENiagara_LifetimeInheritanceOptions.uasset" 538
"../../Plugins/FX/Niagara/Content/Enums/ENiagara_LifetimeMode.uasset" 539
"../../Plugins/FX/Niagara/Content/Enums/ENiagara_MassInitializationMode.uasset" 540
"../../Plugins/FX/Niagara/Content/Enums/ENiagara_MultipleLerpCount.uasset" 541
"../../Plugins/FX/Niagara/Content/Enums/ENiagara_PositionInitializationMode.uasset" 542
"../../Plugins/FX/Niagara/Content/Enums/ENiagara_RotationDefinitionApproach.uasset" 543
"../../Plugins/FX/Niagara/Content/Enums/ENiagara_SizeScaleMode.uasset" 544
"../../Plugins/FX/Niagara/Content/Enums/ENiagara_SpawnBurstMode.uasset" 545
"../../Plugins/FX/Niagara/Content/Enums/ENiagara_SpriteRotationMode.uasset" 546
"../../Plugins/FX/Niagara/Content/Enums/ENiagara_SubUVLookupMode.uasset" 547
"../../Plugins/FX/Niagara/Content/Enums/ENiagara_TransformBaseOptions.uasset" 548
"../../Plugins/FX/Niagara/Content/Enums/ENiagara_TransformMode.uasset" 549
"../../Plugins/FX/Niagara/Content/Enums/ENiagara_TransformOrientationMode.uasset" 550
"../../Plugins/FX/Niagara/Content/Enums/ENiagara_UVFlippingMode.uasset" 551
"../../Plugins/FX/Niagara/Content/Enums/Niagara_Units.uasset" 552
"../../Plugins/FX/Niagara/Content/Enums/CascadeConversion/ECascadeNiagaraOrbitChainMode.uasset" 553
"../../Plugins/FX/Niagara/Content/Enums/CascadeConversion/ECascadeNiagaraTwoVectorChannels.uasset" 554
"../../Plugins/FX/Niagara/Content/Icons/S_ParticleSystem.uasset" 555
"../../../Engine/Content/BasicShapes/Cylinder.uasset" 556
"../../../Engine/Content/ArtTools/RenderToTexture/Materials/Debug/M_Emissive_Color.uasset" 557
"../../Plugins/Lumin/MagicLeapPassableWorld/Content/MagicLeapARPinInfoActor.uasset" 558
"../../../Engine/Content/Functions/Engine_MaterialFunctions02/Utility/BreakOutFloat4Components.uasset" 559
"../../Plugins/Runtime/Oculus/OculusVR/Content/Materials/OculusMR_ChromaKey.uasset" 560
"../../Plugins/Runtime/Oculus/OculusVR/Content/Materials/OculusMR_OpaqueColoredMaterial.uasset" 561
"../../Plugins/Runtime/Oculus/OculusVR/Content/Materials/PokeAHoleMaterial.uasset" 562
"../../../Engine/Content/Maps/Entry_BuiltData.uasset" 563
"../../../Engine/Content/Maps/Entry.umap" 564
"../../../../../../Users/jonathanak/Documents/GitHub/Elemental-Tower-Defense/ElementalDefense/Content/MedievalDungeon/Textures/T_Stone_Coffin_N.uasset" 565
"../../../../../../Users/jonathanak/Documents/GitHub/Elemental-Tower-Defense/ElementalDefense/Content/MedievalDungeon/Textures/T_Stone_Coffin_C.uasset" 566
"../../../../../../Users/jonathanak/Documents/GitHub/Elemental-Tower-Defense/ElementalDefense/Content/MedievalDungeon/Textures/T_Stone_Coffin_A.uasset" 567
"../../../../../../Users/jonathanak/Documents/GitHub/Elemental-Tower-Defense/ElementalDefense/Content/MedievalDungeon/Materials/M_Stone_Coffin_Inst.uasset" 568
"../../../../../../Users/jonathanak/Documents/GitHub/Elemental-Tower-Defense/ElementalDefense/Content/MedievalDungeon/Meshes/Props/SM_Stone_Coffin.uasset" 569
"../../../../../../Users/jonathanak/Documents/GitHub/Elemental-Tower-Defense/ElementalDefense/Content/MedievalDungeon/Textures/T_Stone_Altar_N.uasset" 570
"../../../../../../Users/jonathanak/Documents/GitHub/Elemental-Tower-Defense/ElementalDefense/Content/MedievalDungeon/Textures/T_Stone_Altar_C.uasset" 571
"../../../../../../Users/jonathanak/Documents/GitHub/Elemental-Tower-Defense/ElementalDefense/Content/MedievalDungeon/Textures/T_Stone_Altar_A.uasset" 572
"../../../../../../Users/jonathanak/Documents/GitHub/Elemental-Tower-Defense/ElementalDefense/Content/MedievalDungeon/Materials/M_Stone_Altar_Inst.uasset" 573
"../../../../../../Users/jonathanak/Documents/GitHub/Elemental-Tower-Defense/ElementalDefense/Content/MedievalDungeon/Meshes/Props/SM_Alter.uasset" 574
"../../../../../../Users/jonathanak/Documents/GitHub/Elemental-Tower-Defense/ElementalDefense/Content/MedievalDungeon/Textures/T_Mausoleum_Ceiling_N.uasset" 575
"../../../../../../Users/jonathanak/Documents/GitHub/Elemental-Tower-Defense/ElementalDefense/Content/MedievalDungeon/Textures/T_Mausoleum_Ceiling_C.uasset" 576
"../../../../../../Users/jonathanak/Documents/GitHub/Elemental-Tower-Defense/ElementalDefense/Content/MedievalDungeon/Textures/T_Mausoleum_Ceiling_A.uasset" 577
"../../../../../../Users/jonathanak/Documents/GitHub/Elemental-Tower-Defense/ElementalDefense/Content/MedievalDungeon/Materials/M_Mausoleum_Ceiling_Inst.uasset" 578
"../../../../../../Users/jonathanak/Documents/GitHub/Elemental-Tower-Defense/ElementalDefense/Content/MedievalDungeon/Meshes/Architecture/Crypt/SM_Mausoleum_Ceiling.uasset" 579
"../../../../../../Users/jonathanak/Documents/GitHub/Elemental-Tower-Defense/ElementalDefense/Content/MedievalDungeon/Textures/T_Tiling_Plaster_N.uasset" 580
"../../../../../../Users/jonathanak/Documents/GitHub/Elemental-Tower-Defense/ElementalDefense/Content/MedievalDungeon/Textures/T_Tiling_Plaster_C.uasset" 581
"../../../../../../Users/jonathanak/Documents/GitHub/Elemental-Tower-Defense/ElementalDefense/Content/MedievalDungeon/Textures/T_Tiling_Plaster_A.uasset" 582
"../../../../../../Users/jonathanak/Documents/GitHub/Elemental-Tower-Defense/ElementalDefense/Content/MedievalDungeon/Materials/M_Tiling_Plaster_Inst.uasset" 583
"../../../../../../Users/jonathanak/Documents/GitHub/Elemental-Tower-Defense/ElementalDefense/Content/MedievalDungeon/Textures/T_Mausoleum_Part_B_N.uasset" 584
"../../../../../../Users/jonathanak/Documents/GitHub/Elemental-Tower-Defense/ElementalDefense/Content/MedievalDungeon/Textures/T_Mausoleum_Part_B_C.uasset" 585
"../../../../../../Users/jonathanak/Documents/GitHub/Elemental-Tower-Defense/ElementalDefense/Content/MedievalDungeon/Textures/T_Mausoleum_Part_B_A.uasset" 586
"../../../../../../Users/jonathanak/Documents/GitHub/Elemental-Tower-Defense/ElementalDefense/Content/MedievalDungeon/Materials/M_Mausoleum_Part_B_Inst.uasset" 587
"../../../../../../Users/jonathanak/Documents/GitHub/Elemental-Tower-Defense/ElementalDefense/Content/MedievalDungeon/Textures/T_Mausoleum_Part_A_N.uasset" 588
"../../../../../../Users/jonathanak/Documents/GitHub/Elemental-Tower-Defense/ElementalDefense/Content/MedievalDungeon/Textures/T_Mausoleum_Part_A_C.uasset" 589
"../../../../../../Users/jonathanak/Documents/GitHub/Elemental-Tower-Defense/ElementalDefense/Content/MedievalDungeon/Textures/T_Mausoleum_Part_A_A.uasset" 590
"../../../../../../Users/jonathanak/Documents/GitHub/Elemental-Tower-Defense/ElementalDefense/Content/MedievalDungeon/Materials/M_Mausoleum_Part_A_Inst.uasset" 591
"../../../../../../Users/jonathanak/Documents/GitHub/Elemental-Tower-Defense/ElementalDefense/Content/MedievalDungeon/Meshes/Architecture/Crypt/SM_Mausoleum.uasset" 592
"../../../../../../Users/jonathanak/Documents/GitHub/Elemental-Tower-Defense/ElementalDefense/Content/MedievalDungeon/Meshes/Architecture/Crypt/SM_Crypt_Wall_Stop_Gap.uasset" 593
"../../../../../../Users/jonathanak/Documents/GitHub/Elemental-Tower-Defense/ElementalDefense/Content/MedievalDungeon/Meshes/Architecture/Crypt/SM_Crypt_Wall_Floor_Trim.uasset" 594
"../../../../../../Users/jonathanak/Documents/GitHub/Elemental-Tower-Defense/ElementalDefense/Content/MedievalDungeon/Textures/T_DoorHardware_N.uasset" 595
"../../../../../../Users/jonathanak/Documents/GitHub/Elemental-Tower-Defense/ElementalDefense/Content/MedievalDungeon/Textures/T_DoorHardware_C.uasset" 596
"../../../../../../Users/jonathanak/Documents/GitHub/Elemental-Tower-Defense/ElementalDefense/Content/MedievalDungeon/Textures/T_DoorHardware_Albedo.uasset" 597
"../../../../../../Users/jonathanak/Documents/GitHub/Elemental-Tower-Defense/ElementalDefense/Content/MedievalDungeon/Materials/M_Door_Hardware_Inst.uasset" 598
"../../../../../../Users/jonathanak/Documents/GitHub/Elemental-Tower-Defense/ElementalDefense/Content/MedievalDungeon/Textures/T_DoorWay_Large_DoorRight_Compact.uasset" 599
"../../../../../../Users/jonathanak/Documents/GitHub/Elemental-Tower-Defense/ElementalDefense/Content/MedievalDungeon/Textures/T_DoorWay_Large_Door_Right_Normal.uasset" 600
"../../../../../../Users/jonathanak/Documents/GitHub/Elemental-Tower-Defense/ElementalDefense/Content/MedievalDungeon/Textures/T_DoorWay_Large_Door_Right_Albedo.uasset" 601
"../../../../../../Users/jonathanak/Documents/GitHub/Elemental-Tower-Defense/ElementalDefense/Content/MedievalDungeon/Materials/M_Doorway_Large_Right_Door_Inst.uasset" 602
"../../../../../../Users/jonathanak/Documents/GitHub/Elemental-Tower-Defense/ElementalDefense/Content/MedievalDungeon/Meshes/Architecture/Crypt/SM_Crypt_Doorway.uasset" 603
"../../../../../../Users/jonathanak/Documents/GitHub/Elemental-Tower-Defense/ElementalDefense/Content/Materials/DepthFade.uasset" 604
"../../../../../../Users/jonathanak/Documents/GitHub/Elemental-Tower-Defense/ElementalDefense/Content/FourEvilDragonsHP/Textures/DragonTheSoulEater/BlueHPTex.uasset" 605
"../../../../../../Users/jonathanak/Documents/GitHub/Elemental-Tower-Defense/ElementalDefense/Content/FourEvilDragonsHP/Materials/DragonTheSoulEater/BlueMat.uasset" 606
"../../../../../../Users/jonathanak/Documents/GitHub/Elemental-Tower-Defense/ElementalDefense/Content/MedievalDungeon/Textures/T_Metal_N.uasset" 607
"../../../../../../Users/jonathanak/Documents/GitHub/Elemental-Tower-Defense/ElementalDefense/Content/MedievalDungeon/Textures/T_Metal_C.uasset" 608
"../../../../../../Users/jonathanak/Documents/GitHub/Elemental-Tower-Defense/ElementalDefense/Content/MedievalDungeon/Textures/T_Metal_A.uasset" 609
"../../../../../../Users/jonathanak/Documents/GitHub/Elemental-Tower-Defense/ElementalDefense/Content/MedievalDungeon/Materials/M_Metal_Decor_Inst.uasset" 610
"../../../../../../Users/jonathanak/Documents/GitHub/Elemental-Tower-Defense/ElementalDefense/Content/MedievalDungeon/Meshes/Architecture/Dungeon/SM_DoorWay_Large_Door_Right.uasset" 611
"../../../../../../Users/jonathanak/Documents/GitHub/Elemental-Tower-Defense/ElementalDefense/Content/MedievalDungeon/Textures/T_DoorWay_Large_Door_Left_Normal.uasset" 612
"../../../../../../Users/jonathanak/Documents/GitHub/Elemental-Tower-Defense/ElementalDefense/Content/MedievalDungeon/Textures/T_DoorWay_Large_Door_Left_Compact.uasset" 613
"../../../../../../Users/jonathanak/Documents/GitHub/Elemental-Tower-Defense/ElementalDefense/Content/MedievalDungeon/Textures/T_DoorWay_Large_Door_Left_Albedo.uasset" 614
"../../../../../../Users/jonathanak/Documents/GitHub/Elemental-Tower-Defense/ElementalDefense/Content/MedievalDungeon/Materials/M_Doorway_Large_Left_Door_Inst.uasset" 615
"../../../../../../Users/jonathanak/Documents/GitHub/Elemental-Tower-Defense/ElementalDefense/Content/MedievalDungeon/Meshes/Architecture/Dungeon/SM_DoorWay_Large_Door_Left.uasset" 616
"../../../../../../Users/jonathanak/Documents/GitHub/Elemental-Tower-Defense/ElementalDefense/Content/MedievalDungeon/Blueprints/BP_Crypt_Doorway.uasset" 617
"../../../../../../Users/jonathanak/Documents/GitHub/Elemental-Tower-Defense/ElementalDefense/Content/MedievalDungeon/Textures/T_Medieval_Dungeon_LUT.uasset" 618
"../../../../../../Users/jonathanak/Documents/GitHub/Elemental-Tower-Defense/ElementalDefense/Content/MedievalDungeon/Textures/T_Crypt_Wall_Decorative_C_Normal.uasset" 619
"../../../../../../Users/jonathanak/Documents/GitHub/Elemental-Tower-Defense/ElementalDefense/Content/MedievalDungeon/Textures/T_Crypt_Wall_Decorative_C_Compact.uasset" 620
"../../../../../../Users/jonathanak/Documents/GitHub/Elemental-Tower-Defense/ElementalDefense/Content/MedievalDungeon/Textures/T_Crypt_Wall_Decorative_C_Albedo.uasset" 621
"../../../../../../Users/jonathanak/Documents/GitHub/Elemental-Tower-Defense/ElementalDefense/Content/MedievalDungeon/Materials/M_Crypt_Wall_Decorative_C_Inst.uasset" 622
"../../../../../../Users/jonathanak/Documents/GitHub/Elemental-Tower-Defense/ElementalDefense/Content/MedievalDungeon/Meshes/Architecture/Crypt/SM_Crypt_Wall_Decorative_C.uasset" 623
"../../../../../../Users/jonathanak/Documents/GitHub/Elemental-Tower-Defense/ElementalDefense/Content/MedievalDungeon/Meshes/Architecture/Crypt/SM_Crypt_Wall.uasset" 624
"../../../../../../Users/jonathanak/Documents/GitHub/Elemental-Tower-Defense/ElementalDefense/Content/MedievalDungeon/Meshes/Architecture/Crypt/SM_Crypt_Pillar.uasset" 625
"../../../../../../Users/jonathanak/Documents/GitHub/Elemental-Tower-Defense/ElementalDefense/Content/MedievalDungeon/Meshes/Architecture/Crypt/SM_Crypt_Ceiling_Arch_A.uasset" 626
"../../../../../../Users/jonathanak/Documents/GitHub/Elemental-Tower-Defense/ElementalDefense/Content/MedievalDungeon/Meshes/Architecture/Crypt/SM_Crypt_Ceiling.uasset" 627
"../../../../../../Users/jonathanak/Documents/GitHub/Elemental-Tower-Defense/ElementalDefense/Content/FourEvilDragonsHP/Textures/DragonTheUsurper/RedHPTex.uasset" 628
"../../../../../../Users/jonathanak/Documents/GitHub/Elemental-Tower-Defense/ElementalDefense/Content/FourEvilDragonsHP/Materials/DragonTheUsurper/RedMat.uasset" 629
"../../../../../../Users/jonathanak/Documents/GitHub/Elemental-Tower-Defense/ElementalDefense/Content/MedievalDungeon/Particles/Textures/T_Smoke_Tiled_D.uasset" 630
"../../../../../../Users/jonathanak/Documents/GitHub/Elemental-Tower-Defense/ElementalDefense/Content/MedievalDungeon/Particles/Textures/T_Smoke_SubUV.uasset" 631
"../../../../../../Users/jonathanak/Documents/GitHub/Elemental-Tower-Defense/ElementalDefense/Content/MedievalDungeon/Particles/Materials/M_smoke_subUV.uasset" 632
"../../../Engine/Content/Functions/Engine_MaterialFunctions01/Gradient/RadialGradient.uasset" 633
"../../../../../../Users/jonathanak/Documents/GitHub/Elemental-Tower-Defense/ElementalDefense/Content/MedievalDungeon/Particles/Materials/M_Radial_Gradient.uasset" 634
"../../../../../../Users/jonathanak/Documents/GitHub/Elemental-Tower-Defense/ElementalDefense/Content/MedievalDungeon/Textures/T_Water_N.uasset" 635
"../../../../../../Users/jonathanak/Documents/GitHub/Elemental-Tower-Defense/ElementalDefense/Content/MedievalDungeon/Particles/Materials/M_Heat_Distortion.uasset" 636
"../../../../../../Users/jonathanak/Documents/GitHub/Elemental-Tower-Defense/ElementalDefense/Content/MedievalDungeon/Particles/Textures/T_Fire_Tiled_D.uasset" 637
"../../../../../../Users/jonathanak/Documents/GitHub/Elemental-Tower-Defense/ElementalDefense/Content/MedievalDungeon/Particles/Textures/T_Fire_SubUV.uasset" 638
"../../../../../../Users/jonathanak/Documents/GitHub/Elemental-Tower-Defense/ElementalDefense/Content/MedievalDungeon/Particles/Materials/M_Fire_SubUV.uasset" 639
"../../../../../../Users/jonathanak/Documents/GitHub/Elemental-Tower-Defense/ElementalDefense/Content/MedievalDungeon/Particles/P_Torch_Fire.uasset" 640
"../../../../../../Users/jonathanak/Documents/GitHub/Elemental-Tower-Defense/ElementalDefense/Content/MedievalDungeon/Textures/T_Torch_N.uasset" 641
"../../../../../../Users/jonathanak/Documents/GitHub/Elemental-Tower-Defense/ElementalDefense/Content/MedievalDungeon/Textures/T_Torch_C.uasset" 642
"../../../../../../Users/jonathanak/Documents/GitHub/Elemental-Tower-Defense/ElementalDefense/Content/MedievalDungeon/Textures/T_Torch_A.uasset" 643
"../../../../../../Users/jonathanak/Documents/GitHub/Elemental-Tower-Defense/ElementalDefense/Content/MedievalDungeon/Materials/M_Torch_Inst.uasset" 644
"../../../../../../Users/jonathanak/Documents/GitHub/Elemental-Tower-Defense/ElementalDefense/Content/MedievalDungeon/Textures/T_Half_Arch_N.uasset" 645
"../../../../../../Users/jonathanak/Documents/GitHub/Elemental-Tower-Defense/ElementalDefense/Content/MedievalDungeon/Textures/T_Half_Arch_C.uasset" 646
"../../../../../../Users/jonathanak/Documents/GitHub/Elemental-Tower-Defense/ElementalDefense/Content/MedievalDungeon/Textures/T_Half_Arch_A.uasset" 647
"../../../../../../Users/jonathanak/Documents/GitHub/Elemental-Tower-Defense/ElementalDefense/Content/MedievalDungeon/Materials/M_Half_Arch_Inst.uasset" 648
"../../../../../../Users/jonathanak/Documents/GitHub/Elemental-Tower-Defense/ElementalDefense/Content/MedievalDungeon/Meshes/Props/SM_Torch.uasset" 649
"../../../../../../Users/jonathanak/Documents/GitHub/Elemental-Tower-Defense/ElementalDefense/Content/MedievalDungeon/Materials/M_Torch_Flicker_Light_Function.uasset" 650
"../../../../../../Users/jonathanak/Documents/GitHub/Elemental-Tower-Defense/ElementalDefense/Content/MedievalDungeon/Blueprints/BP_Torch.uasset" 651
"../../../../../../Users/jonathanak/Documents/GitHub/Elemental-Tower-Defense/ElementalDefense/Content/MedievalDungeon/Textures/T_Chandelier_A.uasset" 652
"../../../../../../Users/jonathanak/Documents/GitHub/Elemental-Tower-Defense/ElementalDefense/Content/MedievalDungeon/Textures/T_Chandelier_N.uasset" 653
"../../../../../../Users/jonathanak/Documents/GitHub/Elemental-Tower-Defense/ElementalDefense/Content/MedievalDungeon/Textures/T_Chandelier_C.uasset" 654
"../../../../../../Users/jonathanak/Documents/GitHub/Elemental-Tower-Defense/ElementalDefense/Content/MedievalDungeon/Materials/M_Chandlier_Inst.uasset" 655
"../../../../../../Users/jonathanak/Documents/GitHub/Elemental-Tower-Defense/ElementalDefense/Content/MedievalDungeon/Meshes/Props/SM_Chandelier.uasset" 656
"../../../../../../Users/jonathanak/Documents/GitHub/Elemental-Tower-Defense/ElementalDefense/Content/MedievalDungeon/Materials/M_Flicker_Light_Function.uasset" 657
"../../../../../../Users/jonathanak/Documents/GitHub/Elemental-Tower-Defense/ElementalDefense/Content/MedievalDungeon/Meshes/Props/SM_Candle_Used_A.uasset" 658
"../../../../../../Users/jonathanak/Documents/GitHub/Elemental-Tower-Defense/ElementalDefense/Content/MedievalDungeon/Meshes/Props/SM_Candle_Used_C.uasset" 659
"../../../../../../Users/jonathanak/Documents/GitHub/Elemental-Tower-Defense/ElementalDefense/Content/MedievalDungeon/Blueprints/BP_Chandalier.uasset" 660
"../../../../../../Users/jonathanak/Documents/GitHub/Elemental-Tower-Defense/ElementalDefense/Content/MedievalDungeon/Blueprints/BP_Candle_Used_C.uasset" 661
"../../../../../../Users/jonathanak/Documents/GitHub/Elemental-Tower-Defense/ElementalDefense/Content/MedievalDungeon/Blueprints/BP_Candle_Used_B.uasset" 662
"../../../../../../Users/jonathanak/Documents/GitHub/Elemental-Tower-Defense/ElementalDefense/Content/MedievalDungeon/Blueprints/BP_Candle_Used_A.uasset" 663
"../../../../../../Users/jonathanak/Documents/GitHub/Elemental-Tower-Defense/ElementalDefense/Content/MedievalDungeon/Meshes/Architecture/Crypt/SM_Crypt_Floor.uasset" 664
"../../../../../../Users/jonathanak/Documents/GitHub/Elemental-Tower-Defense/ElementalDefense/Content/Geometry/Meshes/WaterTrapMaterial.uasset" 665
"../../../../../../Users/jonathanak/Documents/GitHub/Elemental-Tower-Defense/ElementalDefense/Content/Geometry/Meshes/FireTrapMaterial.uasset" 666
"../../../../../../Users/jonathanak/Documents/GitHub/Elemental-Tower-Defense/ElementalDefense/Content/FourEvilDragonsHP/Meshes/DragonTheUsurper/DragonTheUsurper_Physics.uasset" 667
"../../../../../../Users/jonathanak/Documents/GitHub/Elemental-Tower-Defense/ElementalDefense/Content/FourEvilDragonsHP/Meshes/DragonTheUsurper/DragonTheUsurper_Skeleton.uasset" 668
"../../../../../../Users/jonathanak/Documents/GitHub/Elemental-Tower-Defense/ElementalDefense/Content/FourEvilDragonsHP/Meshes/DragonTheUsurper/DragonTheUsurperSK.uasset" 669
"../../../../../../Users/jonathanak/Documents/GitHub/Elemental-Tower-Defense/ElementalDefense/Content/FirstPerson/Meshes/BaseMaterial.uasset" 670
"../../../../../../Users/jonathanak/Documents/GitHub/Elemental-Tower-Defense/ElementalDefense/Content/FirstPerson/Meshes/FireProjectileMaterial.uasset" 671
"../../../../../../Users/jonathanak/Documents/GitHub/Elemental-Tower-Defense/ElementalDefense/Content/FirstPerson/Meshes/FirstPersonProjectileMesh.uasset" 672
"../../../../../../Users/jonathanak/Documents/GitHub/Elemental-Tower-Defense/ElementalDefense/Content/FirstPerson/Meshes/WaterProjectileMaterial.uasset" 673
"../../../../../../Users/jonathanak/Documents/GitHub/Elemental-Tower-Defense/ElementalDefense/Content/Blueprints/FirstPersonProjectile.uasset" 674
"../../../../../../Users/jonathanak/Documents/GitHub/Elemental-Tower-Defense/ElementalDefense/Content/Materials/EnemyProjectileRed.uasset" 675
"../../../../../../Users/jonathanak/Documents/GitHub/Elemental-Tower-Defense/ElementalDefense/Content/FirstPerson/FPWeapon/Mesh/SK_FPGun_Skeleton.uasset" 676
"../../../../../../Users/jonathanak/Documents/GitHub/Elemental-Tower-Defense/ElementalDefense/Content/FirstPerson/FPWeapon/Textures/T_FPGun_N.uasset" 677
"../../../../../../Users/jonathanak/Documents/GitHub/Elemental-Tower-Defense/ElementalDefense/Content/FirstPerson/FPWeapon/Textures/T_FPGun_M.uasset" 678
"../../../../../../Users/jonathanak/Documents/GitHub/Elemental-Tower-Defense/ElementalDefense/Content/FirstPerson/FPWeapon/Materials/MaterialLayers/T_ML_Aluminum01_N.uasset" 679
"../../../../../../Users/jonathanak/Documents/GitHub/Elemental-Tower-Defense/ElementalDefense/Content/FirstPerson/FPWeapon/Materials/MaterialLayers/T_ML_Aluminum01.uasset" 680
"../../../../../../Users/jonathanak/Documents/GitHub/Elemental-Tower-Defense/ElementalDefense/Content/FirstPerson/FPWeapon/Materials/MaterialLayers/ML_SoftMetal_UE4.uasset" 681
"../../../../../../Users/jonathanak/Documents/GitHub/Elemental-Tower-Defense/ElementalDefense/Content/FirstPerson/FPWeapon/Materials/MaterialLayers/ML_Screen.uasset" 682
"../../../../../../Users/jonathanak/Documents/GitHub/Elemental-Tower-Defense/ElementalDefense/Content/FirstPerson/FPWeapon/Materials/MaterialLayers/ML_Plastic_Shiny_Beige.uasset" 683
"../../../../../../Users/jonathanak/Documents/GitHub/Elemental-Tower-Defense/ElementalDefense/Content/FirstPerson/FPWeapon/Materials/MaterialLayers/T_ML_Rubber_Blue_01_N.uasset" 684
"../../../../../../Users/jonathanak/Documents/GitHub/Elemental-Tower-Defense/ElementalDefense/Content/FirstPerson/FPWeapon/Materials/MaterialLayers/T_ML_Rubber_Blue_01_D.uasset" 685
"../../../../../../Users/jonathanak/Documents/GitHub/Elemental-Tower-Defense/ElementalDefense/Content/FirstPerson/FPWeapon/Materials/MaterialLayers/ML_GlossyBlack_Latex_UE4.uasset" 686
"../../../Engine/Content/Functions/MaterialLayerFunctions/MatLayerBlend_Simple.uasset" 687
"../../../Engine/Content/Functions/Engine_MaterialFunctions02/Utility/BlendAngleCorrectedNormals.uasset" 688
"../../../Engine/Content/Functions/MaterialLayerFunctions/MatLayerBlend_NormalBlend.uasset" 689
"../../../../../../Users/jonathanak/Documents/GitHub/Elemental-Tower-Defense/ElementalDefense/Content/FirstPerson/FPWeapon/Materials/M_FPGun.uasset" 690
"../../../../../../Users/jonathanak/Documents/GitHub/Elemental-Tower-Defense/ElementalDefense/Content/FirstPerson/FPWeapon/Mesh/SK_FPGun.uasset" 691
"../../../../../../Users/jonathanak/Documents/GitHub/Elemental-Tower-Defense/ElementalDefense/Content/FirstPerson/Character/Mesh/SK_Mannequin_Arms_PhysicsAsset.uasset" 692
"../../../../../../Users/jonathanak/Documents/GitHub/Elemental-Tower-Defense/ElementalDefense/Content/FirstPerson/Character/Textures/UE4_Mannequin_MAT_MASKA.uasset" 693
"../../../../../../Users/jonathanak/Documents/GitHub/Elemental-Tower-Defense/ElementalDefense/Content/FirstPerson/Character/Textures/UE4_Mannequin__normals.uasset" 694
"../../../../../../Users/jonathanak/Documents/GitHub/Elemental-Tower-Defense/ElementalDefense/Content/FirstPerson/Character/Materials/MaterialLayers/T_ML_Aluminum01_N.uasset" 695
"../../../../../../Users/jonathanak/Documents/GitHub/Elemental-Tower-Defense/ElementalDefense/Content/FirstPerson/Character/Materials/MaterialLayers/T_ML_Aluminum01.uasset" 696
"../../../../../../Users/jonathanak/Documents/GitHub/Elemental-Tower-Defense/ElementalDefense/Content/FirstPerson/Character/Materials/MaterialLayers/ML_SoftMetal_UE4.uasset" 697
"../../../../../../Users/jonathanak/Documents/GitHub/Elemental-Tower-Defense/ElementalDefense/Content/FirstPerson/Character/Textures/UE4_LOGO_CARD.uasset" 698
"../../../../../../Users/jonathanak/Documents/GitHub/Elemental-Tower-Defense/ElementalDefense/Content/FirstPerson/Character/Materials/MaterialLayers/ML_Plastic_Shiny_Beige_LOGO.uasset" 699
"../../../../../../Users/jonathanak/Documents/GitHub/Elemental-Tower-Defense/ElementalDefense/Content/FirstPerson/Character/Materials/MaterialLayers/ML_Plastic_Shiny_Beige.uasset" 700
"../../../../../../Users/jonathanak/Documents/GitHub/Elemental-Tower-Defense/ElementalDefense/Content/FirstPerson/Character/Materials/MaterialLayers/T_ML_Rubber_Blue_01_N.uasset" 701
"../../../../../../Users/jonathanak/Documents/GitHub/Elemental-Tower-Defense/ElementalDefense/Content/FirstPerson/Character/Materials/MaterialLayers/T_ML_Rubber_Blue_01_D.uasset" 702
"../../../../../../Users/jonathanak/Documents/GitHub/Elemental-Tower-Defense/ElementalDefense/Content/FirstPerson/Character/Materials/MaterialLayers/ML_GlossyBlack_Latex_UE4.uasset" 703
"../../../../../../Users/jonathanak/Documents/GitHub/Elemental-Tower-Defense/ElementalDefense/Content/FirstPerson/Character/Materials/M_UE4Man_Body.uasset" 704
"../../../../../../Users/jonathanak/Documents/GitHub/Elemental-Tower-Defense/ElementalDefense/Content/FirstPerson/Character/Mesh/SK_Mannequin_Arms_Skeleton.uasset" 705
"../../../../../../Users/jonathanak/Documents/GitHub/Elemental-Tower-Defense/ElementalDefense/Content/FirstPerson/Character/Mesh/SK_Mannequin_Arms.uasset" 706
"../../../../../../Users/jonathanak/Documents/GitHub/Elemental-Tower-Defense/ElementalDefense/Content/FirstPerson/Audio/FirstPersonTemplateWeaponFire02.uasset" 707
"../../../../../../Users/jonathanak/Documents/GitHub/Elemental-Tower-Defense/ElementalDefense/Content/FirstPerson/Animations/FirstPerson_Fire.uasset" 708
"../../../../../../Users/jonathanak/Documents/GitHub/Elemental-Tower-Defense/ElementalDefense/Content/FirstPerson/Animations/FirstPersonFire_Montage.uasset" 709
"../../../../../../Users/jonathanak/Documents/GitHub/Elemental-Tower-Defense/ElementalDefense/Content/FirstPerson/Animations/FirstPerson_Run.uasset" 710
"../../../../../../Users/jonathanak/Documents/GitHub/Elemental-Tower-Defense/ElementalDefense/Content/FirstPerson/Animations/FirstPerson_JumpStart.uasset" 711
"../../../../../../Users/jonathanak/Documents/GitHub/Elemental-Tower-Defense/ElementalDefense/Content/FirstPerson/Animations/FirstPerson_JumpLoop.uasset" 712
"../../../../../../Users/jonathanak/Documents/GitHub/Elemental-Tower-Defense/ElementalDefense/Content/FirstPerson/Animations/FirstPerson_JumpEnd.uasset" 713
"../../../../../../Users/jonathanak/Documents/GitHub/Elemental-Tower-Defense/ElementalDefense/Content/FirstPerson/Animations/FirstPerson_Idle.uasset" 714
"../../../../../../Users/jonathanak/Documents/GitHub/Elemental-Tower-Defense/ElementalDefense/Content/FirstPerson/Animations/FirstPerson_AnimBP.uasset" 715
"../../../../../../Users/jonathanak/Documents/GitHub/Elemental-Tower-Defense/ElementalDefense/Content/FirstPerson/Textures/FirstPersonCrosshair.uasset" 716
"../../../../../../Users/jonathanak/Documents/GitHub/Elemental-Tower-Defense/ElementalDefense/Content/sA_PickupSet_1/Models/SM_Pickup_Defence.uasset" 717
"../../Plugins/FX/Niagara/Content/DynamicInputs/Multiply/Multiply_Float.uasset" 718
"../../Plugins/FX/Niagara/Content/DynamicInputs/LinearColor/MultiplyLinearColor.uasset" 719
"../../../../../../Users/jonathanak/Documents/GitHub/Elemental-Tower-Defense/ElementalDefense/Content/sA_PickupSet_1/Materials/M_Master_Fresnel.uasset" 720
"../../../../../../Users/jonathanak/Documents/GitHub/Elemental-Tower-Defense/ElementalDefense/Content/sA_PickupSet_1/Materials/MI_Fresnel.uasset" 721
"../../Plugins/FX/Niagara/Content/Functions/Rotation/MultiplyQuaternion.uasset" 722
"../../Plugins/FX/Niagara/Content/Functions/Rotation/AxisAngleToQuaternion.uasset" 723
"../../Plugins/FX/Niagara/Content/Functions/DirectionAndLengthSafe.uasset" 724
"../../Plugins/FX/Niagara/Content/Modules/Solvers/ApplyRotationVector.uasset" 725
"../../Plugins/FX/Niagara/Content/Enums/ENiagaraCoordinateSpace.uasset" 726
"../../Plugins/FX/Niagara/Content/Functions/Localspace/TransformBase.uasset" 727
"../../Plugins/FX/Niagara/Content/Functions/Localspace/TransformVector.uasset" 728
"../../Plugins/FX/Niagara/Content/Enums/ENiagaraMeshTransforms.uasset" 729
"../../Plugins/FX/Niagara/Content/Modules/Update/Orientation/V3/UpdateMeshOrientation.uasset" 730
"../../Plugins/FX/Niagara/Content/Functions/System/SystemChangeState.uasset" 731
"../../Plugins/FX/Niagara/Content/Enums/ENiagaraSystemInactiveMode.uasset" 732
"../../Plugins/FX/Niagara/Content/Enums/ENiagara_EmitterStateOptions.uasset" 733
"../../Plugins/FX/Niagara/Content/Modules/System/SystemState.uasset" 734
"../../Plugins/FX/Niagara/Content/DynamicInputs/TypeConversions/Vector2DFromFloat.uasset" 735
"../../../../../../Users/jonathanak/Documents/GitHub/Elemental-Tower-Defense/ElementalDefense/Content/sA_PickupSet_1/Models/SM_Pickup_ss.uasset" 736
"../../../../../../Users/jonathanak/Documents/GitHub/Elemental-Tower-Defense/ElementalDefense/Content/sA_PickupSet_1/Materials/Textures/T_Ray_5.uasset" 737
"../../../../../../Users/jonathanak/Documents/GitHub/Elemental-Tower-Defense/ElementalDefense/Content/sA_PickupSet_1/Materials/Textures/T_NoiseCloud_2.uasset" 738
"../../../../../../Users/jonathanak/Documents/GitHub/Elemental-Tower-Defense/ElementalDefense/Content/sA_PickupSet_1/Materials/Textures/T_NoiseCloud_1.uasset" 739
"../../../../../../Users/jonathanak/Documents/GitHub/Elemental-Tower-Defense/ElementalDefense/Content/sA_PickupSet_1/Materials/Textures/T_Beam_01.uasset" 740
"../../../../../../Users/jonathanak/Documents/GitHub/Elemental-Tower-Defense/ElementalDefense/Content/sA_PickupSet_1/Materials/M_AdditiveScrollNiagara.uasset" 741
"../../../../../../Users/jonathanak/Documents/GitHub/Elemental-Tower-Defense/ElementalDefense/Content/sA_PickupSet_1/Materials/MI_Scroll_1.uasset" 742
"../../Plugins/FX/Niagara/Content/Functions/Math/RemapValueRange.uasset" 743
"../../Plugins/FX/Niagara/Content/Functions/Rotation/MultiplyVectorWithQuaternion.uasset" 744
"../../Plugins/FX/Niagara/Content/Functions/Rotation/FindQuatBetween.uasset" 745
"../../Plugins/FX/Niagara/Content/Functions/PolarToCartesianCoordinates.uasset" 746
"../../Plugins/FX/Niagara/Content/Enums/ENiagaraRandomnessMode.uasset" 747
"../../Plugins/FX/Niagara/Content/Functions/GetRandomInfo.uasset" 748
"../../Plugins/FX/Niagara/Content/Functions/RandomRangeFloat.uasset" 749
"../../Plugins/FX/Niagara/Content/Functions/RandomVectorInCone.uasset" 750
"../../Plugins/FX/Niagara/Content/Modules/Spawn/Velocity/AddVelocityInCone.uasset" 751
"../../Plugins/FX/Niagara/Content/DynamicInputs/TypeConversions/VectorFromFloat.uasset" 752
"../../Plugins/FX/Niagara/Content/Enums/ENiagaraTorusDistributionMode.uasset" 753
"../../Plugins/FX/Niagara/Content/Enums/ENiagaraScaleColorMode.uasset" 754
"../../Plugins/FX/Niagara/Content/Enums/ENiagaraInactiveMode.uasset" 755
"../../Plugins/FX/Niagara/Content/Enums/ENiagaraExpansionMode.uasset" 756
"../../Plugins/FX/Niagara/Content/Enums/ENiagaraEmitterScalabilityMode_Limited.uasset" 757
"../../Plugins/FX/Niagara/Content/Enums/ENiagaraEmitterLifeCycleMode.uasset" 758
"../../Plugins/FX/Niagara/Content/Enums/ENiagara_InfiniteLoopDuration.uasset" 759
"../../Plugins/FX/Niagara/Content/Modules/Update/Material/DynamicMaterialParameters.uasset" 760
"../../Plugins/FX/Niagara/Content/Modules/Update/Lifetime/ParticleState.uasset" 761
"../../Plugins/FX/Niagara/Content/Modules/Update/Forces/GravityForce.uasset" 762
"../../Plugins/FX/Niagara/Content/Modules/Update/Forces/Drag.uasset" 763
"../../Plugins/FX/Niagara/Content/Modules/Update/Color/ScaleColor.uasset" 764
"../../Plugins/FX/Niagara/Content/Functions/RandomPointInSphere.uasset" 765
"../../Plugins/FX/Niagara/Content/Functions/Localspace/SimulationPosition.uasset" 766
"../../Plugins/FX/Niagara/Content/Modules/Spawn/Location/SphereLocation.uasset" 767
"../../Plugins/FX/Niagara/Content/Modules/Spawn/Initialization/InitializeParticle.uasset" 768
"../../Plugins/FX/Niagara/Content/Modules/Solvers/SolveForcesAndVelocity.uasset" 769
"../../Plugins/FX/Niagara/Content/Modules/Emitter/SpawnRate.uasset" 770
"../../Plugins/FX/Niagara/Content/Enums/ENiagaraRandomnessEvaluation.uasset" 771
"../../Plugins/FX/Niagara/Content/Functions/V2/CalculateRandomRangeFloat.uasset" 772
"../../Plugins/FX/Niagara/Content/Modules/Emitter/SpawnBurst_Instantaneous.uasset" 773
"../../Plugins/FX/Niagara/Content/Enums/ENiagaraExecutionStateManagement.uasset" 774
"../../Plugins/FX/Niagara/Content/Functions/Emitter/EmitterChangeState.uasset" 775
"../../Plugins/FX/Niagara/Content/Modules/Emitter/EmitterState.uasset" 776
"../../Plugins/FX/Niagara/Content/DynamicInputs/ValueFromCurve/FloatFromCurve.uasset" 777
"../../../../../../Users/jonathanak/Documents/GitHub/Elemental-Tower-Defense/ElementalDefense/Content/sA_PickupSet_1/Materials/Textures/T_NoiseFurry.uasset" 778
"../../../../../../Users/jonathanak/Documents/GitHub/Elemental-Tower-Defense/ElementalDefense/Content/sA_PickupSet_1/Materials/Textures/T_Noise_DistortedCaustic.uasset" 779
"../../../Engine/Content/Functions/Engine_MaterialFunctions01/Density/ExponentialDensity.uasset" 780
"../../../Engine/Content/Functions/Engine_MaterialFunctions01/Gradient/RadialGradientExponential.uasset" 781
"../../../Engine/Content/Functions/Engine_MaterialFunctions01/ImageAdjustment/DeriveHDRfromLDR.uasset" 782
"../../../../../../Users/jonathanak/Documents/GitHub/Elemental-Tower-Defense/ElementalDefense/Content/sA_PickupSet_1/Materials/M_sA_Aura.uasset" 783
"../../../../../../Users/jonathanak/Documents/GitHub/Elemental-Tower-Defense/ElementalDefense/Content/sA_PickupSet_1/Materials/MI_Aura_1.uasset" 784
"../../../../../../Users/jonathanak/Documents/GitHub/Elemental-Tower-Defense/ElementalDefense/Content/sA_PickupSet_1/Fx/NiagaraEmitters/Ne_Aura.uasset" 785
"../../../../../../Users/jonathanak/Documents/GitHub/Elemental-Tower-Defense/ElementalDefense/Content/sA_PickupSet_1/Fx/NiagaraSystems/NS_Pickup_4.uasset" 786
"../../../../../../Users/jonathanak/Documents/GitHub/Elemental-Tower-Defense/ElementalDefense/Content/sA_PickupSet_1/Fx/NiagaraSystems/BP_NS_Pickup_4.uasset" 787
"../../../../../../Users/jonathanak/Documents/GitHub/Elemental-Tower-Defense/ElementalDefense/Content/Blueprints/BP_Base.uasset" 788
"../../../../../../Users/jonathanak/Documents/GitHub/Elemental-Tower-Defense/ElementalDefense/Content/Blueprints/FirstPersonGameMode.uasset" 789
"../../../../../../Users/jonathanak/Documents/GitHub/Elemental-Tower-Defense/ElementalDefense/Content/Blueprints/HUD.uasset" 790
"../../../../../../Users/jonathanak/Documents/GitHub/Elemental-Tower-Defense/ElementalDefense/Content/Blueprints/FirstPersonCharacter.uasset" 791
"../../../Engine/Content/BasicShapes/Sphere.uasset" 792
"../../../../../../Users/jonathanak/Documents/GitHub/Elemental-Tower-Defense/ElementalDefense/Content/Blueprints/BP_ProjectileActor.uasset" 793
"../../../../../../Users/jonathanak/Documents/GitHub/Elemental-Tower-Defense/ElementalDefense/Content/FourEvilDragonsHP/Animations/DragonTheUsurper/FlyIdleAnim.uasset" 794
"../../../../../../Users/jonathanak/Documents/GitHub/Elemental-Tower-Defense/ElementalDefense/Content/Blueprints/FireEnemyHealth.uasset" 795
"../../../../../../Users/jonathanak/Documents/GitHub/Elemental-Tower-Defense/ElementalDefense/Content/Blueprints/Enum_AlertMode.uasset" 796
"../../../../../../Users/jonathanak/Documents/GitHub/Elemental-Tower-Defense/ElementalDefense/Content/Blueprints/BP_FireDragon.uasset" 797
"../../../../../../Users/jonathanak/Documents/GitHub/Elemental-Tower-Defense/ElementalDefense/Content/FourEvilDragonsHP/Meshes/DrangonTheSoulEater/DragonTheSoulEater_Physics.uasset" 798
"../../../../../../Users/jonathanak/Documents/GitHub/Elemental-Tower-Defense/ElementalDefense/Content/FourEvilDragonsHP/Meshes/DrangonTheSoulEater/DragonTheSoulEater_Skeleton.uasset" 799
"../../../../../../Users/jonathanak/Documents/GitHub/Elemental-Tower-Defense/ElementalDefense/Content/FourEvilDragonsHP/Meshes/DrangonTheSoulEater/DragonTheSoulEaterSK.uasset" 800
"../../../Engine/Content/Animation/DefaultAnimBoneCompressionSettings.uasset" 801
"../../../Engine/Content/Animation/DefaultAnimCurveCompressionSettings.uasset" 802
"../../../../../../Users/jonathanak/Documents/GitHub/Elemental-Tower-Defense/ElementalDefense/Content/FourEvilDragonsHP/Animations/DragonTheSoulEater/FlyIdleAnim.uasset" 803
"../../../../../../Users/jonathanak/Documents/GitHub/Elemental-Tower-Defense/ElementalDefense/Content/Blueprints/WaterEnemyHealth.uasset" 804
"../../../../../../Users/jonathanak/Documents/GitHub/Elemental-Tower-Defense/ElementalDefense/Content/Blueprints/BP_WaterDragon.uasset" 805
"../../../Engine/Content/BasicShapes/Cube.uasset" 806
"../../../../../../Users/jonathanak/Documents/GitHub/Elemental-Tower-Defense/ElementalDefense/Content/Blueprints/SM_Crypt_Floor_Blueprint.uasset" 807
"../../../../../../Users/jonathanak/Documents/GitHub/Elemental-Tower-Defense/ElementalDefense/Content/sA_PickupSet_1/Models/SM_Pickup_Magic.uasset" 808
"../../../../../../Users/jonathanak/Documents/GitHub/Elemental-Tower-Defense/ElementalDefense/Content/sA_PickupSet_1/Fx/NiagaraSystems/NS_Pickup_5.uasset" 809
"../../../../../../Users/jonathanak/Documents/GitHub/Elemental-Tower-Defense/ElementalDefense/Content/sA_PickupSet_1/Fx/NiagaraSystems/BP_NS_Pickup_5.uasset" 810
"../../../../../../Users/jonathanak/Documents/GitHub/Elemental-Tower-Defense/ElementalDefense/Content/Blueprints/BP_FireSpawner.uasset" 811
"../../../Engine/Content/EngineVolumetrics/Fogsheet/T_EV_Fogsheet_FlareColors_01.uasset" 812
"../../../../../../Users/jonathanak/Documents/GitHub/Elemental-Tower-Defense/ElementalDefense/Content/Tutorial.umap" 813
